#
# There is insufficient memory for the Java Runtime Environment to continue.
# Native memory allocation (malloc) failed to allocate 2247360 bytes for Chunk::new
# Possible reasons:
#   The system is out of physical RAM or swap space
#   The process is running with CompressedOops enabled, and the Java Heap may be blocking the growth of the native heap
# Possible solutions:
#   Reduce memory load on the system
#   Increase physical memory or swap space
#   Check if swap backing store is full
#   Decrease Java heap size (-Xmx/-Xms)
#   Decrease number of Java threads
#   Decrease Java thread stack sizes (-Xss)
#   Set larger code cache with -XX:ReservedCodeCacheSize=
#   JVM is running with Unscaled Compressed Oops mode in which the Java heap is
#     placed in the first 4GB address space. The Java Heap base address is the
#     maximum limit for the native heap growth. Please use -XX:HeapBaseMinAddress
#     to set the Java Heap base and to place the Java Heap above 4GB virtual address.
# This output file may be truncated or incomplete.
#
#  Out of Memory Error (arena.cpp:189), pid=14500, tid=15544
#
# JRE version: OpenJDK Runtime Environment Temurin-17.0.3+7 (17.0.3+7) (build 17.0.3+7)
# Java VM: OpenJDK 64-Bit Server VM Temurin-17.0.3+7 (17.0.3+7, mixed mode, tiered, compressed oops, compressed class ptrs, parallel gc, windows-amd64)
# No core dump will be written. Minidumps are not enabled by default on client versions of Windows
#

---------------  S U M M A R Y ------------

Command Line: --add-modules=ALL-SYSTEM --add-opens=java.base/java.util=ALL-UNNAMED --add-opens=java.base/java.lang=ALL-UNNAMED --add-opens=java.base/sun.nio.fs=ALL-UNNAMED -Declipse.application=org.eclipse.jdt.ls.core.id1 -Dosgi.bundles.defaultStartLevel=4 -Declipse.product=org.eclipse.jdt.ls.core.product -Djava.import.generatesMetadataFilesAtProjectRoot=false -Dfile.encoding=utf8 -DwatchParentProcess=false -XX:+UseParallelGC -XX:GCTimeRatio=4 -XX:AdaptiveSizePolicyWeight=90 -Dsun.zip.disableMemoryMapping=true -Xmx1G -Xms100m -javaagent:c:\Users\LG\.vscode\extensions\redhat.java-1.9.0-win32-x64\lombok\lombok-1.18.24.jar -XX:+HeapDumpOnOutOfMemoryError -XX:HeapDumpPath=c:\Users\LG\AppData\Roaming\Code\User\workspaceStorage\596d58d96b108611987450630a752d9b\redhat.java c:\Users\LG\.vscode\extensions\redhat.java-1.9.0-win32-x64\server\plugins\org.eclipse.equinox.launcher_1.6.400.v20210924-0641.jar -configuration c:\Users\LG\AppData\Roaming\Code\User\globalStorage\redhat.java\1.9.0\config_win -data c:\Users\LG\AppData\Roaming\Code\User\workspaceStorage\596d58d96b108611987450630a752d9b\redhat.java\jdt_ws

Host: Intel(R) Core(TM) i3-6100U CPU @ 2.30GHz, 4 cores, 3G,  Windows 10 , 64 bit Build 15063 (10.0.15063.1058)
Time: Mon Aug 15 19:37:51 2022 대한민국 표준시 elapsed time: 113.628217 seconds (0d 0h 1m 53s)

---------------  T H R E A D  ---------------

Current thread (0x0000020fddf404b0):  JavaThread "C2 CompilerThread0" daemon [_thread_in_native, id=15544, stack(0x000000e73f900000,0x000000e73fa00000)]


Current CompileTask:
C2: 113630 7800   !   4       org.eclipse.jdt.internal.core.search.indexing.BinaryIndexer::indexDocument (1144 bytes)

Stack: [0x000000e73f900000,0x000000e73fa00000]
Native frames: (J=compiled Java code, j=interpreted, Vv=VM code, C=native code)
V  [jvm.dll+0x675efa]
V  [jvm.dll+0x830a24]
V  [jvm.dll+0x8321ce]
V  [jvm.dll+0x832833]
V  [jvm.dll+0x2454b5]
V  [jvm.dll+0xabd7b]
V  [jvm.dll+0xac30c]
V  [jvm.dll+0x363627]
V  [jvm.dll+0x1bba02]
V  [jvm.dll+0x2184b9]
V  [jvm.dll+0x217781]
V  [jvm.dll+0x1a3ccd]
V  [jvm.dll+0x227178]
V  [jvm.dll+0x2252bc]
V  [jvm.dll+0x7e673b]
V  [jvm.dll+0x7e0cfa]
V  [jvm.dll+0x674d85]
C  [ucrtbase.dll+0x20279]
C  [KERNEL32.DLL+0x12784]
C  [ntdll.dll+0x50c51]


---------------  P R O C E S S  ---------------

Threads class SMR info:
_java_thread_list=0x0000020fe709b4a0, length=36, elements={
0x0000020fca101a00, 0x0000020fddf10b60, 0x0000020fddf118e0, 0x0000020fddf79380,
0x0000020fddf20760, 0x0000020fddf22390, 0x0000020fddf23e60, 0x0000020fddf404b0,
0x0000020fddf5b560, 0x0000020fddf5da80, 0x0000020fdf8b3ff0, 0x0000020fdfb91010,
0x0000020fe004fd30, 0x0000020fdfd78370, 0x0000020fe035c080, 0x0000020fe0348e60,
0x0000020fe13e8730, 0x0000020fe01ace10, 0x0000020fe10fb3b0, 0x0000020fe10fb880,
0x0000020fe10fd560, 0x0000020fe10fd090, 0x0000020fe10fda30, 0x0000020fe10faee0,
0x0000020fe10fc6f0, 0x0000020fe10fcbc0, 0x0000020fe10fbd50, 0x0000020fe10fa070,
0x0000020fe10fc220, 0x0000020fe10faa10, 0x0000020fe3cf30f0, 0x0000020fe3cf4430,
0x0000020fe3cf35c0, 0x0000020fe3cf0f40, 0x0000020fe3cf5770, 0x0000020fe3cf1410
}

Java Threads: ( => current thread )
  0x0000020fca101a00 JavaThread "main" [_thread_blocked, id=17884, stack(0x000000e73ef00000,0x000000e73f000000)]
  0x0000020fddf10b60 JavaThread "Reference Handler" daemon [_thread_blocked, id=7848, stack(0x000000e73f200000,0x000000e73f300000)]
  0x0000020fddf118e0 JavaThread "Finalizer" daemon [_thread_blocked, id=11232, stack(0x000000e73f300000,0x000000e73f400000)]
  0x0000020fddf79380 JavaThread "Signal Dispatcher" daemon [_thread_blocked, id=13032, stack(0x000000e73f500000,0x000000e73f600000)]
  0x0000020fddf20760 JavaThread "Attach Listener" daemon [_thread_blocked, id=7052, stack(0x000000e73f600000,0x000000e73f700000)]
  0x0000020fddf22390 JavaThread "Service Thread" daemon [_thread_blocked, id=6584, stack(0x000000e73f700000,0x000000e73f800000)]
  0x0000020fddf23e60 JavaThread "Monitor Deflation Thread" daemon [_thread_blocked, id=11356, stack(0x000000e73f800000,0x000000e73f900000)]
=>0x0000020fddf404b0 JavaThread "C2 CompilerThread0" daemon [_thread_in_native, id=15544, stack(0x000000e73f900000,0x000000e73fa00000)]
  0x0000020fddf5b560 JavaThread "C1 CompilerThread0" daemon [_thread_blocked, id=10412, stack(0x000000e73fa00000,0x000000e73fb00000)]
  0x0000020fddf5da80 JavaThread "Sweeper thread" daemon [_thread_blocked, id=1192, stack(0x000000e73fb00000,0x000000e73fc00000)]
  0x0000020fdf8b3ff0 JavaThread "Common-Cleaner" daemon [_thread_blocked, id=6716, stack(0x000000e73fc00000,0x000000e73fd00000)]
  0x0000020fdfb91010 JavaThread "Notification Thread" daemon [_thread_blocked, id=3928, stack(0x000000e73fd00000,0x000000e73fe00000)]
  0x0000020fe004fd30 JavaThread "Active Thread: Equinox Container: 79990c44-9724-4468-92f8-455725b3b983" [_thread_blocked, id=17624, stack(0x000000e740200000,0x000000e740300000)]
  0x0000020fdfd78370 JavaThread "Framework Event Dispatcher: Equinox Container: 79990c44-9724-4468-92f8-455725b3b983" daemon [_thread_blocked, id=14208, stack(0x000000e740300000,0x000000e740400000)]
  0x0000020fe035c080 JavaThread "Start Level: Equinox Container: 79990c44-9724-4468-92f8-455725b3b983" daemon [_thread_blocked, id=10436, stack(0x000000e740400000,0x000000e740500000)]
  0x0000020fe0348e60 JavaThread "SCR Component Actor" daemon [_thread_blocked, id=19184, stack(0x000000e740500000,0x000000e740600000)]
  0x0000020fe13e8730 JavaThread "Bundle File Closer" daemon [_thread_blocked, id=16748, stack(0x000000e740700000,0x000000e740800000)]
  0x0000020fe01ace10 JavaThread "Worker-JM" [_thread_blocked, id=12696, stack(0x000000e740800000,0x000000e740900000)]
  0x0000020fe10fb3b0 JavaThread "Worker-0" [_thread_blocked, id=19264, stack(0x000000e740900000,0x000000e740a00000)]
  0x0000020fe10fb880 JavaThread "Worker-1" [_thread_blocked, id=8300, stack(0x000000e740a00000,0x000000e740b00000)]
  0x0000020fe10fd560 JavaThread "Worker-2" [_thread_blocked, id=10508, stack(0x000000e740b00000,0x000000e740c00000)]
  0x0000020fe10fd090 JavaThread "Worker-3: Initialize Workspace" [_thread_in_native, id=4152, stack(0x000000e740c00000,0x000000e740d00000)]
  0x0000020fe10fda30 JavaThread "Worker-4: Java indexing... " [_thread_blocked, id=9128, stack(0x000000e740d00000,0x000000e740e00000)]
  0x0000020fe10faee0 JavaThread "Java indexing" daemon [_thread_in_native, id=8008, stack(0x000000e740e00000,0x000000e740f00000)]
  0x0000020fe10fc6f0 JavaThread "Worker-5" [_thread_blocked, id=3324, stack(0x000000e740f00000,0x000000e741000000)]
  0x0000020fe10fcbc0 JavaThread "Worker-6" [_thread_blocked, id=20636, stack(0x000000e741000000,0x000000e741100000)]
  0x0000020fe10fbd50 JavaThread "Timer-0" [_thread_blocked, id=5924, stack(0x000000e741100000,0x000000e741200000)]
  0x0000020fe10fa070 JavaThread "Timer-1" [_thread_blocked, id=14824, stack(0x000000e741200000,0x000000e741300000)]
  0x0000020fe10fc220 JavaThread "pool-1-thread-1" [_thread_blocked, id=9116, stack(0x000000e741300000,0x000000e741400000)]
  0x0000020fe10faa10 JavaThread "Timer-2" [_thread_blocked, id=18160, stack(0x000000e741400000,0x000000e741500000)]
  0x0000020fe3cf30f0 JavaThread "Timer-3" [_thread_blocked, id=13456, stack(0x000000e742100000,0x000000e742200000)]
  0x0000020fe3cf4430 JavaThread "Timer-4" [_thread_blocked, id=19568, stack(0x000000e742300000,0x000000e742400000)]
  0x0000020fe3cf35c0 JavaThread "Timer-5" [_thread_blocked, id=14144, stack(0x000000e742600000,0x000000e742700000)]
  0x0000020fe3cf0f40 JavaThread "Timer-6" [_thread_blocked, id=13100, stack(0x000000e742700000,0x000000e742800000)]
  0x0000020fe3cf5770 JavaThread "Timer-7" [_thread_blocked, id=21028, stack(0x000000e742d00000,0x000000e742e00000)]
  0x0000020fe3cf1410 JavaThread "Timer-8" [_thread_blocked, id=4512, stack(0x000000e742f00000,0x000000e743000000)]

Other Threads:
  0x0000020fdde43f60 VMThread "VM Thread" [stack: 0x000000e73f100000,0x000000e73f200000] [id=1960]
  0x0000020fdfb914e0 WatcherThread [stack: 0x000000e73fe00000,0x000000e73ff00000] [id=15396]
  0x0000020fca11a750 GCTaskThread "GC Thread#0" [stack: 0x000000e73f000000,0x000000e73f100000] [id=6236]
  0x0000020fdfea4120 GCTaskThread "GC Thread#1" [stack: 0x000000e73ff00000,0x000000e740000000] [id=15528]
  0x0000020fdffe6970 GCTaskThread "GC Thread#2" [stack: 0x000000e740000000,0x000000e740100000] [id=16668]
  0x0000020fdfea43d0 GCTaskThread "GC Thread#3" [stack: 0x000000e740100000,0x000000e740200000] [id=4404]

Threads with active compile tasks:
C2 CompilerThread0   113756 7800   !   4       org.eclipse.jdt.internal.core.search.indexing.BinaryIndexer::indexDocument (1144 bytes)

VM state: not at safepoint (normal execution)

VM Mutex/Monitor currently owned by a thread: None

Heap address: 0x00000000c0000000, size: 1024 MB, Compressed Oops mode: 32-bit

CDS archive(s) not mapped
Compressed class space mapped at: 0x0000000100000000-0x0000000140000000, reserved size: 1073741824
Narrow klass base: 0x0000000000000000, Narrow klass shift: 3, Narrow klass range: 0x140000000

GC Precious Log:
 CPUs: 4 total, 4 available
 Memory: 3959M
 Large Page Support: Disabled
 NUMA Support: Disabled
 Compressed Oops: Enabled (32-bit)
 Alignments: Space 512K, Generation 512K, Heap 2M
 Heap Min Capacity: 100M
 Heap Initial Capacity: 100M
 Heap Max Capacity: 1G
 Pre-touch: Disabled
 Parallel Workers: 4

Heap:
 PSYoungGen      total 16896K, used 12525K [0x00000000eab00000, 0x00000000ebd80000, 0x0000000100000000)
  eden space 14848K, 73% used [0x00000000eab00000,0x00000000eb5ab768,0x00000000eb980000)
  from space 2048K, 78% used [0x00000000eb980000,0x00000000ebb10000,0x00000000ebb80000)
  to   space 2048K, 0% used [0x00000000ebb80000,0x00000000ebb80000,0x00000000ebd80000)
 ParOldGen       total 87040K, used 59944K [0x00000000c0000000, 0x00000000c5500000, 0x00000000eab00000)
  object space 87040K, 68% used [0x00000000c0000000,0x00000000c3a8a1a0,0x00000000c5500000)
 Metaspace       used 62950K, committed 64064K, reserved 1105920K
  class space    used 7613K, committed 8128K, reserved 1048576K

Card table byte_map: [0x0000020fc9ab0000,0x0000020fc9cc0000] _byte_map_base: 0x0000020fc94b0000

Marking Bits: (ParMarkBitMap*) 0x00007ffca9354b80
 Begin Bits: [0x0000020fdbd80000, 0x0000020fdcd80000)
 End Bits:   [0x0000020fdcd80000, 0x0000020fddd80000)

Polling page: 0x0000020fc7ed0000

Metaspace:

Usage:
  Non-class:     54.04 MB used.
      Class:      7.44 MB used.
       Both:     61.48 MB used.

Virtual space:
  Non-class space:       56.00 MB reserved,      54.63 MB ( 98%) committed,  7 nodes.
      Class space:        1.00 GB reserved,       7.94 MB ( <1%) committed,  1 nodes.
             Both:        1.05 GB reserved,      62.56 MB (  6%) committed. 

Chunk freelists:
   Non-Class:  1.09 MB
       Class:  4.00 MB
        Both:  5.09 MB

MaxMetaspaceSize: unlimited
CompressedClassSpaceSize: 1.00 GB
Initial GC threshold: 21.00 MB
Current GC threshold: 104.31 MB
CDS: off
MetaspaceReclaimPolicy: balanced
 - commit_granule_bytes: 65536.
 - commit_granule_words: 8192.
 - virtual_space_node_default_size: 1048576.
 - enlarge_chunks_in_place: 1.
 - new_chunks_are_fully_committed: 0.
 - uncommit_free_chunks: 1.
 - use_allocation_guard: 0.
 - handle_deallocations: 1.


Internal statistics:

num_allocs_failed_limit: 9.
num_arena_births: 640.
num_arena_deaths: 14.
num_vsnodes_births: 8.
num_vsnodes_deaths: 0.
num_space_committed: 1001.
num_space_uncommitted: 0.
num_chunks_returned_to_freelist: 23.
num_chunks_taken_from_freelist: 3076.
num_chunk_merges: 13.
num_chunk_splits: 1964.
num_chunks_enlarged: 1203.
num_purges: 2.
num_inconsistent_stats: 0.

CodeHeap 'non-profiled nmethods': size=120000Kb used=4271Kb max_used=4877Kb free=115729Kb
 bounds [0x0000020fd4850000, 0x0000020fd4d20000, 0x0000020fdbd80000]
CodeHeap 'profiled nmethods': size=120000Kb used=12389Kb max_used=14291Kb free=107610Kb
 bounds [0x0000020fcd320000, 0x0000020fce120000, 0x0000020fd4850000]
CodeHeap 'non-nmethods': size=5760Kb used=1303Kb max_used=1399Kb free=4456Kb
 bounds [0x0000020fccd80000, 0x0000020fccff0000, 0x0000020fcd320000]
 total_blobs=6976 nmethods=6340 adapters=551
 compilation: enabled
              stopped_count=0, restarted_count=0
 full_count=0

Compilation events (20 events):
Event: 112.664 Thread 0x0000020fddf5b560 7803       3       java.lang.Character::isDigit (5 bytes)
Event: 112.664 Thread 0x0000020fddf5b560 nmethod 7803 0x0000020fcd404010 code [0x0000020fcd4041c0, 0x0000020fcd404418]
Event: 112.664 Thread 0x0000020fddf5b560 7804       3       java.lang.Character::isDigit (9 bytes)
Event: 112.664 Thread 0x0000020fddf5b560 nmethod 7804 0x0000020fcd418090 code [0x0000020fcd418240, 0x0000020fcd418438]
Event: 112.666 Thread 0x0000020fddf5b560 7805       3       org.eclipse.jdt.internal.compiler.impl.IntConstant::fromValue (213 bytes)
Event: 112.666 Thread 0x0000020fddf5b560 nmethod 7805 0x0000020fcd373910 code [0x0000020fcd373b60, 0x0000020fcd3742f8]
Event: 112.666 Thread 0x0000020fddf5b560 7806       3       org.eclipse.jdt.internal.compiler.impl.IntConstant::<init> (10 bytes)
Event: 112.666 Thread 0x0000020fddf5b560 nmethod 7806 0x0000020fcd4e0a90 code [0x0000020fcd4e0c40, 0x0000020fcd4e0e18]
Event: 112.666 Thread 0x0000020fddf5b560 7807       3       java.lang.CharacterDataLatin1::isDigit (18 bytes)
Event: 112.667 Thread 0x0000020fddf5b560 nmethod 7807 0x0000020fcd363810 code [0x0000020fcd3639a0, 0x0000020fcd363b38]
Event: 112.815 Thread 0x0000020fddf404b0 nmethod 7797 0x0000020fd4b57c10 code [0x0000020fd4b581a0, 0x0000020fd4b611b8]
Event: 112.816 Thread 0x0000020fddf404b0 7799       4       org.eclipse.jdt.internal.core.search.indexing.AbstractIndexer::addMethodDeclaration (98 bytes)
Event: 112.992 Thread 0x0000020fddf404b0 nmethod 7799 0x0000020fd4c83910 code [0x0000020fd4c83b40, 0x0000020fd4c84ce0]
Event: 112.992 Thread 0x0000020fddf404b0 7800   !   4       org.eclipse.jdt.internal.core.search.indexing.BinaryIndexer::indexDocument (1144 bytes)
Event: 113.222 Thread 0x0000020fddf5b560 7811       3       org.eclipse.core.filesystem.provider.FileStore::childInfos (47 bytes)
Event: 113.223 Thread 0x0000020fddf5b560 nmethod 7811 0x0000020fcdc95a90 code [0x0000020fcdc95cc0, 0x0000020fcdc96678]
Event: 113.235 Thread 0x0000020fddf5b560 7812       3       org.eclipse.core.internal.localstore.UnifiedTree::addChildrenFromFileSystem (75 bytes)
Event: 113.236 Thread 0x0000020fddf5b560 nmethod 7812 0x0000020fcd503b10 code [0x0000020fcd503d80, 0x0000020fcd504968]
Event: 113.304 Thread 0x0000020fddf5b560 7813   !   3       org.eclipse.core.internal.resources.RegexFileInfoMatcher::initialize (44 bytes)
Event: 113.305 Thread 0x0000020fddf5b560 nmethod 7813 0x0000020fcd9f4390 code [0x0000020fcd9f4580, 0x0000020fcd9f4b78]

GC Heap History (20 events):
Event: 111.478 GC heap before
{Heap before GC invocations=43 (full 3):
 PSYoungGen      total 18432K, used 18430K [0x00000000eab00000, 0x00000000ec100000, 0x0000000100000000)
  eden space 17408K, 100% used [0x00000000eab00000,0x00000000ebc00000,0x00000000ebc00000)
  from space 1024K, 99% used [0x00000000ebc00000,0x00000000ebcffa08,0x00000000ebd00000)
  to   space 2560K, 0% used [0x00000000ebe80000,0x00000000ebe80000,0x00000000ec100000)
 ParOldGen       total 68608K, used 53443K [0x00000000c0000000, 0x00000000c4300000, 0x00000000eab00000)
  object space 68608K, 77% used [0x00000000c0000000,0x00000000c3430e80,0x00000000c4300000)
 Metaspace       used 62944K, committed 64064K, reserved 1105920K
  class space    used 7613K, committed 8128K, reserved 1048576K
}
Event: 111.482 GC heap after
{Heap after GC invocations=43 (full 3):
 PSYoungGen      total 19968K, used 2220K [0x00000000eab00000, 0x00000000ec100000, 0x0000000100000000)
  eden space 17408K, 0% used [0x00000000eab00000,0x00000000eab00000,0x00000000ebc00000)
  from space 2560K, 86% used [0x00000000ebe80000,0x00000000ec0ab008,0x00000000ec100000)
  to   space 2560K, 0% used [0x00000000ebc00000,0x00000000ebc00000,0x00000000ebe80000)
 ParOldGen       total 68608K, used 54471K [0x00000000c0000000, 0x00000000c4300000, 0x00000000eab00000)
  object space 68608K, 79% used [0x00000000c0000000,0x00000000c3531ea0,0x00000000c4300000)
 Metaspace       used 62944K, committed 64064K, reserved 1105920K
  class space    used 7613K, committed 8128K, reserved 1048576K
}
Event: 111.596 GC heap before
{Heap before GC invocations=44 (full 3):
 PSYoungGen      total 19968K, used 19628K [0x00000000eab00000, 0x00000000ec100000, 0x0000000100000000)
  eden space 17408K, 100% used [0x00000000eab00000,0x00000000ebc00000,0x00000000ebc00000)
  from space 2560K, 86% used [0x00000000ebe80000,0x00000000ec0ab008,0x00000000ec100000)
  to   space 2560K, 0% used [0x00000000ebc00000,0x00000000ebc00000,0x00000000ebe80000)
 ParOldGen       total 68608K, used 54471K [0x00000000c0000000, 0x00000000c4300000, 0x00000000eab00000)
  object space 68608K, 79% used [0x00000000c0000000,0x00000000c3531ea0,0x00000000c4300000)
 Metaspace       used 62948K, committed 64064K, reserved 1105920K
  class space    used 7613K, committed 8128K, reserved 1048576K
}
Event: 111.602 GC heap after
{Heap after GC invocations=44 (full 3):
 PSYoungGen      total 19968K, used 2168K [0x00000000eab00000, 0x00000000ec100000, 0x0000000100000000)
  eden space 17408K, 0% used [0x00000000eab00000,0x00000000eab00000,0x00000000ebc00000)
  from space 2560K, 84% used [0x00000000ebc00000,0x00000000ebe1e008,0x00000000ebe80000)
  to   space 2560K, 0% used [0x00000000ebe80000,0x00000000ebe80000,0x00000000ec100000)
 ParOldGen       total 68608K, used 56551K [0x00000000c0000000, 0x00000000c4300000, 0x00000000eab00000)
  object space 68608K, 82% used [0x00000000c0000000,0x00000000c3739ea0,0x00000000c4300000)
 Metaspace       used 62948K, committed 64064K, reserved 1105920K
  class space    used 7613K, committed 8128K, reserved 1048576K
}
Event: 111.768 GC heap before
{Heap before GC invocations=45 (full 3):
 PSYoungGen      total 19968K, used 19576K [0x00000000eab00000, 0x00000000ec100000, 0x0000000100000000)
  eden space 17408K, 100% used [0x00000000eab00000,0x00000000ebc00000,0x00000000ebc00000)
  from space 2560K, 84% used [0x00000000ebc00000,0x00000000ebe1e008,0x00000000ebe80000)
  to   space 2560K, 0% used [0x00000000ebe80000,0x00000000ebe80000,0x00000000ec100000)
 ParOldGen       total 68608K, used 56551K [0x00000000c0000000, 0x00000000c4300000, 0x00000000eab00000)
  object space 68608K, 82% used [0x00000000c0000000,0x00000000c3739ea0,0x00000000c4300000)
 Metaspace       used 62948K, committed 64064K, reserved 1105920K
  class space    used 7613K, committed 8128K, reserved 1048576K
}
Event: 111.772 GC heap after
{Heap after GC invocations=45 (full 3):
 PSYoungGen      total 19968K, used 2112K [0x00000000eab00000, 0x00000000ec100000, 0x0000000100000000)
  eden space 17408K, 0% used [0x00000000eab00000,0x00000000eab00000,0x00000000ebc00000)
  from space 2560K, 82% used [0x00000000ebe80000,0x00000000ec090000,0x00000000ec100000)
  to   space 2560K, 0% used [0x00000000ebc00000,0x00000000ebc00000,0x00000000ebe80000)
 ParOldGen       total 68608K, used 58700K [0x00000000c0000000, 0x00000000c4300000, 0x00000000eab00000)
  object space 68608K, 85% used [0x00000000c0000000,0x00000000c39530b0,0x00000000c4300000)
 Metaspace       used 62948K, committed 64064K, reserved 1105920K
  class space    used 7613K, committed 8128K, reserved 1048576K
}
Event: 111.944 GC heap before
{Heap before GC invocations=46 (full 3):
 PSYoungGen      total 19968K, used 19520K [0x00000000eab00000, 0x00000000ec100000, 0x0000000100000000)
  eden space 17408K, 100% used [0x00000000eab00000,0x00000000ebc00000,0x00000000ebc00000)
  from space 2560K, 82% used [0x00000000ebe80000,0x00000000ec090000,0x00000000ec100000)
  to   space 2560K, 0% used [0x00000000ebc00000,0x00000000ebc00000,0x00000000ebe80000)
 ParOldGen       total 68608K, used 58700K [0x00000000c0000000, 0x00000000c4300000, 0x00000000eab00000)
  object space 68608K, 85% used [0x00000000c0000000,0x00000000c39530b0,0x00000000c4300000)
 Metaspace       used 62949K, committed 64064K, reserved 1105920K
  class space    used 7613K, committed 8128K, reserved 1048576K
}
Event: 111.948 GC heap after
{Heap after GC invocations=46 (full 3):
 PSYoungGen      total 19456K, used 1856K [0x00000000eab00000, 0x00000000ec000000, 0x0000000100000000)
  eden space 17408K, 0% used [0x00000000eab00000,0x00000000eab00000,0x00000000ebc00000)
  from space 2048K, 90% used [0x00000000ebc00000,0x00000000ebdd0000,0x00000000ebe00000)
  to   space 2048K, 0% used [0x00000000ebe00000,0x00000000ebe00000,0x00000000ec000000)
 ParOldGen       total 68608K, used 60775K [0x00000000c0000000, 0x00000000c4300000, 0x00000000eab00000)
  object space 68608K, 88% used [0x00000000c0000000,0x00000000c3b59cc0,0x00000000c4300000)
 Metaspace       used 62949K, committed 64064K, reserved 1105920K
  class space    used 7613K, committed 8128K, reserved 1048576K
}
Event: 112.220 GC heap before
{Heap before GC invocations=47 (full 3):
 PSYoungGen      total 19456K, used 19264K [0x00000000eab00000, 0x00000000ec000000, 0x0000000100000000)
  eden space 17408K, 100% used [0x00000000eab00000,0x00000000ebc00000,0x00000000ebc00000)
  from space 2048K, 90% used [0x00000000ebc00000,0x00000000ebdd0000,0x00000000ebe00000)
  to   space 2048K, 0% used [0x00000000ebe00000,0x00000000ebe00000,0x00000000ec000000)
 ParOldGen       total 68608K, used 60775K [0x00000000c0000000, 0x00000000c4300000, 0x00000000eab00000)
  object space 68608K, 88% used [0x00000000c0000000,0x00000000c3b59cc0,0x00000000c4300000)
 Metaspace       used 62949K, committed 64064K, reserved 1105920K
  class space    used 7613K, committed 8128K, reserved 1048576K
}
Event: 112.224 GC heap after
{Heap after GC invocations=47 (full 3):
 PSYoungGen      total 16896K, used 2032K [0x00000000eab00000, 0x00000000ec500000, 0x0000000100000000)
  eden space 14848K, 0% used [0x00000000eab00000,0x00000000eab00000,0x00000000eb980000)
  from space 2048K, 99% used [0x00000000ebe00000,0x00000000ebffc008,0x00000000ec000000)
  to   space 4608K, 0% used [0x00000000eb980000,0x00000000eb980000,0x00000000ebe00000)
 ParOldGen       total 68608K, used 62855K [0x00000000c0000000, 0x00000000c4300000, 0x00000000eab00000)
  object space 68608K, 91% used [0x00000000c0000000,0x00000000c3d61cc0,0x00000000c4300000)
 Metaspace       used 62949K, committed 64064K, reserved 1105920K
  class space    used 7613K, committed 8128K, reserved 1048576K
}
Event: 112.426 GC heap before
{Heap before GC invocations=48 (full 3):
 PSYoungGen      total 16896K, used 16880K [0x00000000eab00000, 0x00000000ec500000, 0x0000000100000000)
  eden space 14848K, 100% used [0x00000000eab00000,0x00000000eb980000,0x00000000eb980000)
  from space 2048K, 99% used [0x00000000ebe00000,0x00000000ebffc008,0x00000000ec000000)
  to   space 4608K, 0% used [0x00000000eb980000,0x00000000eb980000,0x00000000ebe00000)
 ParOldGen       total 68608K, used 62855K [0x00000000c0000000, 0x00000000c4300000, 0x00000000eab00000)
  object space 68608K, 91% used [0x00000000c0000000,0x00000000c3d61cc0,0x00000000c4300000)
 Metaspace       used 62949K, committed 64064K, reserved 1105920K
  class space    used 7613K, committed 8128K, reserved 1048576K
}
Event: 112.430 GC heap after
{Heap after GC invocations=48 (full 3):
 PSYoungGen      total 16896K, used 1892K [0x00000000eab00000, 0x00000000ebf80000, 0x0000000100000000)
  eden space 14848K, 0% used [0x00000000eab00000,0x00000000eab00000,0x00000000eb980000)
  from space 2048K, 92% used [0x00000000eb980000,0x00000000ebb59028,0x00000000ebb80000)
  to   space 3072K, 0% used [0x00000000ebc80000,0x00000000ebc80000,0x00000000ebf80000)
 ParOldGen       total 68608K, used 64895K [0x00000000c0000000, 0x00000000c4300000, 0x00000000eab00000)
  object space 68608K, 94% used [0x00000000c0000000,0x00000000c3f5fcc8,0x00000000c4300000)
 Metaspace       used 62949K, committed 64064K, reserved 1105920K
  class space    used 7613K, committed 8128K, reserved 1048576K
}
Event: 112.652 GC heap before
{Heap before GC invocations=49 (full 3):
 PSYoungGen      total 16896K, used 16740K [0x00000000eab00000, 0x00000000ebf80000, 0x0000000100000000)
  eden space 14848K, 100% used [0x00000000eab00000,0x00000000eb980000,0x00000000eb980000)
  from space 2048K, 92% used [0x00000000eb980000,0x00000000ebb59028,0x00000000ebb80000)
  to   space 3072K, 0% used [0x00000000ebc80000,0x00000000ebc80000,0x00000000ebf80000)
 ParOldGen       total 68608K, used 64895K [0x00000000c0000000, 0x00000000c4300000, 0x00000000eab00000)
  object space 68608K, 94% used [0x00000000c0000000,0x00000000c3f5fcc8,0x00000000c4300000)
 Metaspace       used 62949K, committed 64064K, reserved 1105920K
  class space    used 7613K, committed 8128K, reserved 1048576K
}
Event: 112.656 GC heap after
{Heap after GC invocations=49 (full 3):
 PSYoungGen      total 16896K, used 1650K [0x00000000eab00000, 0x00000000ebe80000, 0x0000000100000000)
  eden space 14848K, 0% used [0x00000000eab00000,0x00000000eab00000,0x00000000eb980000)
  from space 2048K, 80% used [0x00000000ebc80000,0x00000000ebe1c9b8,0x00000000ebe80000)
  to   space 2048K, 0% used [0x00000000eb980000,0x00000000eb980000,0x00000000ebb80000)
 ParOldGen       total 68608K, used 66693K [0x00000000c0000000, 0x00000000c4300000, 0x00000000eab00000)
  object space 68608K, 97% used [0x00000000c0000000,0x00000000c41214d8,0x00000000c4300000)
 Metaspace       used 62949K, committed 64064K, reserved 1105920K
  class space    used 7613K, committed 8128K, reserved 1048576K
}
Event: 112.822 GC heap before
{Heap before GC invocations=50 (full 3):
 PSYoungGen      total 16896K, used 16498K [0x00000000eab00000, 0x00000000ebe80000, 0x0000000100000000)
  eden space 14848K, 100% used [0x00000000eab00000,0x00000000eb980000,0x00000000eb980000)
  from space 2048K, 80% used [0x00000000ebc80000,0x00000000ebe1c9b8,0x00000000ebe80000)
  to   space 2048K, 0% used [0x00000000eb980000,0x00000000eb980000,0x00000000ebb80000)
 ParOldGen       total 68608K, used 66693K [0x00000000c0000000, 0x00000000c4300000, 0x00000000eab00000)
  object space 68608K, 97% used [0x00000000c0000000,0x00000000c41214d8,0x00000000c4300000)
 Metaspace       used 62950K, committed 64064K, reserved 1105920K
  class space    used 7613K, committed 8128K, reserved 1048576K
}
Event: 112.826 GC heap after
{Heap after GC invocations=50 (full 3):
 PSYoungGen      total 16896K, used 1904K [0x00000000eab00000, 0x00000000ebd80000, 0x0000000100000000)
  eden space 14848K, 0% used [0x00000000eab00000,0x00000000eab00000,0x00000000eb980000)
  from space 2048K, 93% used [0x00000000eb980000,0x00000000ebb5c2d8,0x00000000ebb80000)
  to   space 2048K, 0% used [0x00000000ebb80000,0x00000000ebb80000,0x00000000ebd80000)
 ParOldGen       total 68608K, used 68245K [0x00000000c0000000, 0x00000000c4300000, 0x00000000eab00000)
  object space 68608K, 99% used [0x00000000c0000000,0x00000000c42a54d8,0x00000000c4300000)
 Metaspace       used 62950K, committed 64064K, reserved 1105920K
  class space    used 7613K, committed 8128K, reserved 1048576K
}
Event: 112.826 GC heap before
{Heap before GC invocations=51 (full 4):
 PSYoungGen      total 16896K, used 1904K [0x00000000eab00000, 0x00000000ebd80000, 0x0000000100000000)
  eden space 14848K, 0% used [0x00000000eab00000,0x00000000eab00000,0x00000000eb980000)
  from space 2048K, 93% used [0x00000000eb980000,0x00000000ebb5c2d8,0x00000000ebb80000)
  to   space 2048K, 0% used [0x00000000ebb80000,0x00000000ebb80000,0x00000000ebd80000)
 ParOldGen       total 68608K, used 68245K [0x00000000c0000000, 0x00000000c4300000, 0x00000000eab00000)
  object space 68608K, 99% used [0x00000000c0000000,0x00000000c42a54d8,0x00000000c4300000)
 Metaspace       used 62950K, committed 64064K, reserved 1105920K
  class space    used 7613K, committed 8128K, reserved 1048576K
}
Event: 112.959 GC heap after
{Heap after GC invocations=51 (full 4):
 PSYoungGen      total 16896K, used 0K [0x00000000eab00000, 0x00000000ebd80000, 0x0000000100000000)
  eden space 14848K, 0% used [0x00000000eab00000,0x00000000eab00000,0x00000000eb980000)
  from space 2048K, 0% used [0x00000000ebb80000,0x00000000ebb80000,0x00000000ebd80000)
  to   space 2048K, 0% used [0x00000000eb980000,0x00000000eb980000,0x00000000ebb80000)
 ParOldGen       total 87040K, used 59944K [0x00000000c0000000, 0x00000000c5500000, 0x00000000eab00000)
  object space 87040K, 68% used [0x00000000c0000000,0x00000000c3a8a1a0,0x00000000c5500000)
 Metaspace       used 62950K, committed 64064K, reserved 1105920K
  class space    used 7613K, committed 8128K, reserved 1048576K
}
Event: 113.187 GC heap before
{Heap before GC invocations=52 (full 4):
 PSYoungGen      total 16896K, used 14848K [0x00000000eab00000, 0x00000000ebd80000, 0x0000000100000000)
  eden space 14848K, 100% used [0x00000000eab00000,0x00000000eb980000,0x00000000eb980000)
  from space 2048K, 0% used [0x00000000ebb80000,0x00000000ebb80000,0x00000000ebd80000)
  to   space 2048K, 0% used [0x00000000eb980000,0x00000000eb980000,0x00000000ebb80000)
 ParOldGen       total 87040K, used 59944K [0x00000000c0000000, 0x00000000c5500000, 0x00000000eab00000)
  object space 87040K, 68% used [0x00000000c0000000,0x00000000c3a8a1a0,0x00000000c5500000)
 Metaspace       used 62950K, committed 64064K, reserved 1105920K
  class space    used 7613K, committed 8128K, reserved 1048576K
}
Event: 113.189 GC heap after
{Heap after GC invocations=52 (full 4):
 PSYoungGen      total 16896K, used 1600K [0x00000000eab00000, 0x00000000ebd80000, 0x0000000100000000)
  eden space 14848K, 0% used [0x00000000eab00000,0x00000000eab00000,0x00000000eb980000)
  from space 2048K, 78% used [0x00000000eb980000,0x00000000ebb10000,0x00000000ebb80000)
  to   space 2048K, 0% used [0x00000000ebb80000,0x00000000ebb80000,0x00000000ebd80000)
 ParOldGen       total 87040K, used 59944K [0x00000000c0000000, 0x00000000c5500000, 0x00000000eab00000)
  object space 87040K, 68% used [0x00000000c0000000,0x00000000c3a8a1a0,0x00000000c5500000)
 Metaspace       used 62950K, committed 64064K, reserved 1105920K
  class space    used 7613K, committed 8128K, reserved 1048576K
}

Deoptimization events (20 events):
Event: 112.669 Thread 0x0000020fe10faee0 DEOPT PACKING pc=0x0000020fcdc37f0b sp=0x000000e740eff0b0
Event: 112.669 Thread 0x0000020fe10faee0 DEOPT UNPACKING pc=0x0000020fccdd2843 sp=0x000000e740efe610 mode 0
Event: 112.697 Thread 0x0000020fe10faee0 DEOPT PACKING pc=0x0000020fcdc37f0b sp=0x000000e740eff0b0
Event: 112.697 Thread 0x0000020fe10faee0 DEOPT UNPACKING pc=0x0000020fccdd2843 sp=0x000000e740efe610 mode 0
Event: 112.715 Thread 0x0000020fe10faee0 DEOPT PACKING pc=0x0000020fcdc37f8b sp=0x000000e740eff0b0
Event: 112.715 Thread 0x0000020fe10faee0 DEOPT UNPACKING pc=0x0000020fccdd2843 sp=0x000000e740efe610 mode 0
Event: 112.747 Thread 0x0000020fe10faee0 DEOPT PACKING pc=0x0000020fcdc37f8b sp=0x000000e740eff0b0
Event: 112.747 Thread 0x0000020fe10faee0 DEOPT UNPACKING pc=0x0000020fccdd2843 sp=0x000000e740efe610 mode 0
Event: 112.755 Thread 0x0000020fe10faee0 DEOPT PACKING pc=0x0000020fcdc37f8b sp=0x000000e740eff0b0
Event: 112.755 Thread 0x0000020fe10faee0 DEOPT UNPACKING pc=0x0000020fccdd2843 sp=0x000000e740efe610 mode 0
Event: 112.764 Thread 0x0000020fe10faee0 DEOPT PACKING pc=0x0000020fcdc37f0b sp=0x000000e740eff0b0
Event: 112.764 Thread 0x0000020fe10faee0 DEOPT UNPACKING pc=0x0000020fccdd2843 sp=0x000000e740efe610 mode 0
Event: 112.780 Thread 0x0000020fe10faee0 DEOPT PACKING pc=0x0000020fcdc37f0b sp=0x000000e740eff0b0
Event: 112.780 Thread 0x0000020fe10faee0 DEOPT UNPACKING pc=0x0000020fccdd2843 sp=0x000000e740efe610 mode 0
Event: 112.812 Thread 0x0000020fe10faee0 DEOPT PACKING pc=0x0000020fcdc37f8b sp=0x000000e740eff0b0
Event: 112.812 Thread 0x0000020fe10faee0 DEOPT UNPACKING pc=0x0000020fccdd2843 sp=0x000000e740efe610 mode 0
Event: 112.971 Thread 0x0000020fe10faee0 DEOPT PACKING pc=0x0000020fce03af6b sp=0x000000e740efefc0
Event: 112.971 Thread 0x0000020fe10faee0 DEOPT UNPACKING pc=0x0000020fccdd2843 sp=0x000000e740efe438 mode 0
Event: 112.971 Thread 0x0000020fe10faee0 DEOPT PACKING pc=0x0000020fce03c141 sp=0x000000e740efef30
Event: 112.971 Thread 0x0000020fe10faee0 DEOPT UNPACKING pc=0x0000020fccdd2843 sp=0x000000e740efe418 mode 0

Classes unloaded (7 events):
Event: 17.945 Thread 0x0000020fdde43f60 Unloading class 0x0000000100218800 'java/lang/invoke/LambdaForm$MH+0x0000000100218800'
Event: 17.945 Thread 0x0000020fdde43f60 Unloading class 0x0000000100218400 'java/lang/invoke/LambdaForm$MH+0x0000000100218400'
Event: 17.945 Thread 0x0000020fdde43f60 Unloading class 0x0000000100218000 'java/lang/invoke/LambdaForm$MH+0x0000000100218000'
Event: 17.945 Thread 0x0000020fdde43f60 Unloading class 0x0000000100217c00 'java/lang/invoke/LambdaForm$MH+0x0000000100217c00'
Event: 17.945 Thread 0x0000020fdde43f60 Unloading class 0x0000000100217400 'java/lang/invoke/LambdaForm$BMH+0x0000000100217400'
Event: 17.945 Thread 0x0000020fdde43f60 Unloading class 0x0000000100217000 'java/lang/invoke/LambdaForm$DMH+0x0000000100217000'
Event: 17.945 Thread 0x0000020fdde43f60 Unloading class 0x0000000100214400 'java/lang/invoke/LambdaForm$DMH+0x0000000100214400'

Classes redefined (0 events):
No events

Internal exceptions (20 events):
Event: 87.164 Thread 0x0000020fe10fc6f0 Exception <a 'java/io/FileNotFoundException'{0x00000000eb9f1a68}> (0x00000000eb9f1a68) 
thrown [e:\jenkins\tmp\workspace\build\src\src\hotspot\share\prims\jni.cpp, line 516]
Event: 88.467 Thread 0x0000020fe10fd090 Exception <a 'java/lang/IncompatibleClassChangeError'{0x00000000eb6d24a8}: Found class java.lang.Object, but interface was expected> (0x00000000eb6d24a8) 
thrown [e:\jenkins\tmp\workspace\build\src\src\hotspot\share\interpreter\linkResolver.cpp, line 833]
Event: 90.100 Thread 0x0000020fe10faee0 Exception <a 'sun/nio/fs/WindowsException'{0x00000000eb5ccc98}> (0x00000000eb5ccc98) 
thrown [e:\jenkins\tmp\workspace\build\src\src\hotspot\share\prims\jni.cpp, line 516]
Event: 90.319 Thread 0x0000020fe10faee0 Exception <a 'sun/nio/fs/WindowsException'{0x00000000eb626148}> (0x00000000eb626148) 
thrown [e:\jenkins\tmp\workspace\build\src\src\hotspot\share\prims\jni.cpp, line 516]
Event: 90.531 Thread 0x0000020fe10faee0 Exception <a 'sun/nio/fs/WindowsException'{0x00000000eb677b70}> (0x00000000eb677b70) 
thrown [e:\jenkins\tmp\workspace\build\src\src\hotspot\share\prims\jni.cpp, line 516]
Event: 90.578 Thread 0x0000020fe10faee0 Exception <a 'sun/nio/fs/WindowsException'{0x00000000eb6b5f40}> (0x00000000eb6b5f40) 
thrown [e:\jenkins\tmp\workspace\build\src\src\hotspot\share\prims\jni.cpp, line 516]
Event: 95.035 Thread 0x0000020fe10faee0 Exception <a 'sun/nio/fs/WindowsException'{0x00000000eb176b20}> (0x00000000eb176b20) 
thrown [e:\jenkins\tmp\workspace\build\src\src\hotspot\share\prims\jni.cpp, line 516]
Event: 95.269 Thread 0x0000020fe10faee0 Exception <a 'sun/nio/fs/WindowsException'{0x00000000eb1831c8}> (0x00000000eb1831c8) 
thrown [e:\jenkins\tmp\workspace\build\src\src\hotspot\share\prims\jni.cpp, line 516]
Event: 96.952 Thread 0x0000020fe10faee0 Exception <a 'sun/nio/fs/WindowsException'{0x00000000eb9b6f88}> (0x00000000eb9b6f88) 
thrown [e:\jenkins\tmp\workspace\build\src\src\hotspot\share\prims\jni.cpp, line 516]
Event: 97.849 Thread 0x0000020fe10faee0 Exception <a 'sun/nio/fs/WindowsException'{0x00000000eb9c7320}> (0x00000000eb9c7320) 
thrown [e:\jenkins\tmp\workspace\build\src\src\hotspot\share\prims\jni.cpp, line 516]
Event: 102.788 Thread 0x0000020fe10faee0 Exception <a 'sun/nio/fs/WindowsException'{0x00000000eb44fca8}> (0x00000000eb44fca8) 
thrown [e:\jenkins\tmp\workspace\build\src\src\hotspot\share\prims\jni.cpp, line 516]
Event: 103.219 Thread 0x0000020fe10faee0 Exception <a 'sun/nio/fs/WindowsException'{0x00000000eb5a97b8}> (0x00000000eb5a97b8) 
thrown [e:\jenkins\tmp\workspace\build\src\src\hotspot\share\prims\jni.cpp, line 516]
Event: 106.469 Thread 0x0000020fe10faee0 Exception <a 'sun/nio/fs/WindowsException'{0x00000000eac28de8}> (0x00000000eac28de8) 
thrown [e:\jenkins\tmp\workspace\build\src\src\hotspot\share\prims\jni.cpp, line 516]
Event: 107.055 Thread 0x0000020fe10faee0 Exception <a 'sun/nio/fs/WindowsException'{0x00000000eb4f2310}> (0x00000000eb4f2310) 
thrown [e:\jenkins\tmp\workspace\build\src\src\hotspot\share\prims\jni.cpp, line 516]
Event: 107.420 Thread 0x0000020fe10faee0 Exception <a 'sun/nio/fs/WindowsException'{0x00000000eb4ff668}> (0x00000000eb4ff668) 
thrown [e:\jenkins\tmp\workspace\build\src\src\hotspot\share\prims\jni.cpp, line 516]
Event: 107.545 Thread 0x0000020fe10faee0 Exception <a 'sun/nio/fs/WindowsException'{0x00000000eb945d68}> (0x00000000eb945d68) 
thrown [e:\jenkins\tmp\workspace\build\src\src\hotspot\share\prims\jni.cpp, line 516]
Event: 107.907 Thread 0x0000020fe10faee0 Exception <a 'sun/nio/fs/WindowsException'{0x00000000eb952700}> (0x00000000eb952700) 
thrown [e:\jenkins\tmp\workspace\build\src\src\hotspot\share\prims\jni.cpp, line 516]
Event: 108.053 Thread 0x0000020fe10faee0 Exception <a 'sun/nio/fs/WindowsException'{0x00000000eb95f178}> (0x00000000eb95f178) 
thrown [e:\jenkins\tmp\workspace\build\src\src\hotspot\share\prims\jni.cpp, line 516]
Event: 108.564 Thread 0x0000020fe10faee0 Exception <a 'sun/nio/fs/WindowsException'{0x00000000ebb96ad8}> (0x00000000ebb96ad8) 
thrown [e:\jenkins\tmp\workspace\build\src\src\hotspot\share\prims\jni.cpp, line 516]
Event: 109.497 Thread 0x0000020fe10faee0 Exception <a 'sun/nio/fs/WindowsException'{0x00000000eb092f60}> (0x00000000eb092f60) 
thrown [e:\jenkins\tmp\workspace\build\src\src\hotspot\share\prims\jni.cpp, line 516]

VM Operations (20 events):
Event: 111.297 Executing VM operation: ParallelGCSystemGC
Event: 111.300 Executing VM operation: ParallelGCSystemGC done
Event: 111.478 Executing VM operation: ParallelGCFailedAllocation
Event: 111.482 Executing VM operation: ParallelGCFailedAllocation done
Event: 111.596 Executing VM operation: ParallelGCFailedAllocation
Event: 111.602 Executing VM operation: ParallelGCFailedAllocation done
Event: 111.768 Executing VM operation: ParallelGCFailedAllocation
Event: 111.772 Executing VM operation: ParallelGCFailedAllocation done
Event: 111.944 Executing VM operation: ParallelGCFailedAllocation
Event: 111.948 Executing VM operation: ParallelGCFailedAllocation done
Event: 112.189 Executing VM operation: ParallelGCFailedAllocation
Event: 112.224 Executing VM operation: ParallelGCFailedAllocation done
Event: 112.426 Executing VM operation: ParallelGCFailedAllocation
Event: 112.430 Executing VM operation: ParallelGCFailedAllocation done
Event: 112.652 Executing VM operation: ParallelGCFailedAllocation
Event: 112.656 Executing VM operation: ParallelGCFailedAllocation done
Event: 112.822 Executing VM operation: ParallelGCFailedAllocation
Event: 112.960 Executing VM operation: ParallelGCFailedAllocation done
Event: 113.187 Executing VM operation: ParallelGCFailedAllocation
Event: 113.189 Executing VM operation: ParallelGCFailedAllocation done

Events (20 events):
Event: 109.948 Thread 0x0000020fddf5da80 flushing nmethod 0x0000020fcdffe610
Event: 109.948 Thread 0x0000020fddf5da80 flushing nmethod 0x0000020fce000310
Event: 109.948 Thread 0x0000020fddf5da80 flushing nmethod 0x0000020fce002a90
Event: 109.948 Thread 0x0000020fddf5da80 flushing nmethod 0x0000020fce003b10
Event: 109.948 Thread 0x0000020fddf5da80 flushing nmethod 0x0000020fce016f90
Event: 109.948 Thread 0x0000020fddf5da80 flushing nmethod 0x0000020fce017a90
Event: 109.948 Thread 0x0000020fddf5da80 flushing nmethod 0x0000020fce024890
Event: 109.948 Thread 0x0000020fddf5da80 flushing nmethod 0x0000020fce044490
Event: 109.948 Thread 0x0000020fddf5da80 flushing nmethod 0x0000020fce04de10
Event: 109.948 Thread 0x0000020fddf5da80 flushing nmethod 0x0000020fce05bc10
Event: 109.948 Thread 0x0000020fddf5da80 flushing nmethod 0x0000020fce06c290
Event: 109.948 Thread 0x0000020fddf5da80 flushing nmethod 0x0000020fce07b890
Event: 109.948 Thread 0x0000020fddf5da80 flushing nmethod 0x0000020fce07ce10
Event: 109.948 Thread 0x0000020fddf5da80 flushing nmethod 0x0000020fce08db10
Event: 109.948 Thread 0x0000020fddf5da80 flushing nmethod 0x0000020fce09b910
Event: 109.948 Thread 0x0000020fddf5da80 flushing nmethod 0x0000020fce09c910
Event: 109.948 Thread 0x0000020fddf5da80 flushing nmethod 0x0000020fce09e390
Event: 109.948 Thread 0x0000020fddf5da80 flushing nmethod 0x0000020fce09fa90
Event: 109.948 Thread 0x0000020fddf5da80 flushing nmethod 0x0000020fce0a1990
Event: 109.948 Thread 0x0000020fddf5da80 flushing nmethod 0x0000020fce0b2e10


Dynamic libraries:
0x00007ff6fef70000 - 0x00007ff6fef7e000 	c:\Users\LG\.vscode\extensions\redhat.java-1.9.0-win32-x64\jre\17.0.3-win32-x86_64\bin\java.exe
0x00007ffce9d80000 - 0x00007ffce9f5b000 	C:\Windows\SYSTEM32\ntdll.dll
0x00007ffce91b0000 - 0x00007ffce925e000 	C:\Windows\System32\KERNEL32.DLL
0x00007ffce6d70000 - 0x00007ffce6fba000 	C:\Windows\System32\KERNELBASE.dll
0x00007ffce7010000 - 0x00007ffce7106000 	C:\Windows\System32\ucrtbase.dll
0x00007ffcdc100000 - 0x00007ffcdc118000 	c:\Users\LG\.vscode\extensions\redhat.java-1.9.0-win32-x64\jre\17.0.3-win32-x86_64\bin\jli.dll
0x00007ffce8df0000 - 0x00007ffce8f3a000 	C:\Windows\System32\USER32.dll
0x00007ffce62a0000 - 0x00007ffce62be000 	C:\Windows\System32\win32u.dll
0x00007ffce9180000 - 0x00007ffce91a7000 	C:\Windows\System32\GDI32.dll
0x00007ffce6430000 - 0x00007ffce65b8000 	C:\Windows\System32\gdi32full.dll
0x00007ffce6330000 - 0x00007ffce63ca000 	C:\Windows\System32\msvcp_win.dll
0x00007ffcd8050000 - 0x00007ffcd8069000 	c:\Users\LG\.vscode\extensions\redhat.java-1.9.0-win32-x64\jre\17.0.3-win32-x86_64\bin\VCRUNTIME140.dll
0x00007ffcdc310000 - 0x00007ffcdc577000 	C:\Windows\WinSxS\amd64_microsoft.windows.common-controls_6595b64144ccf1df_6.0.15063.1155_none_40c7922129a7722b\COMCTL32.dll
0x00007ffce75a0000 - 0x00007ffce763d000 	C:\Windows\System32\msvcrt.dll
0x00007ffce9490000 - 0x00007ffce9789000 	C:\Windows\System32\combase.dll
0x00007ffce8f40000 - 0x00007ffce9065000 	C:\Windows\System32\RPCRT4.dll
0x00007ffce62c0000 - 0x00007ffce632a000 	C:\Windows\System32\bcryptPrimitives.dll
0x00007ffce8bd0000 - 0x00007ffce8bfd000 	C:\Windows\System32\IMM32.DLL
0x00007ffcdc140000 - 0x00007ffcdc14c000 	c:\Users\LG\.vscode\extensions\redhat.java-1.9.0-win32-x64\jre\17.0.3-win32-x86_64\bin\vcruntime140_1.dll
0x00007ffcc3e10000 - 0x00007ffcc3ea1000 	c:\Users\LG\.vscode\extensions\redhat.java-1.9.0-win32-x64\jre\17.0.3-win32-x86_64\bin\msvcp140.dll
0x00007ffca87d0000 - 0x00007ffca9418000 	c:\Users\LG\.vscode\extensions\redhat.java-1.9.0-win32-x64\jre\17.0.3-win32-x86_64\bin\server\jvm.dll
0x00007ffce9be0000 - 0x00007ffce9c81000 	C:\Windows\System32\ADVAPI32.dll
0x00007ffce9120000 - 0x00007ffce9179000 	C:\Windows\System32\sechost.dll
0x00007ffce9790000 - 0x00007ffce9798000 	C:\Windows\System32\PSAPI.DLL
0x00007ffcdbaa0000 - 0x00007ffcdbaa9000 	C:\Windows\SYSTEM32\WSOCK32.dll
0x00007ffce9cf0000 - 0x00007ffce9d5c000 	C:\Windows\System32\WS2_32.dll
0x00007ffcdfbd0000 - 0x00007ffcdfbf3000 	C:\Windows\SYSTEM32\WINMM.dll
0x00007ffcdfbc0000 - 0x00007ffcdfbca000 	C:\Windows\SYSTEM32\VERSION.dll
0x00007ffcdfb90000 - 0x00007ffcdfbbb000 	C:\Windows\SYSTEM32\WINMMBASE.dll
0x00007ffce6fc0000 - 0x00007ffce7009000 	C:\Windows\System32\cfgmgr32.dll
0x00007ffce6230000 - 0x00007ffce6241000 	C:\Windows\System32\kernel.appcore.dll
0x00007ffcdbfe0000 - 0x00007ffcdbfea000 	c:\Users\LG\.vscode\extensions\redhat.java-1.9.0-win32-x64\jre\17.0.3-win32-x86_64\bin\jimage.dll
0x00007ffcda9e0000 - 0x00007ffcdab89000 	C:\Windows\SYSTEM32\DBGHELP.DLL
0x00007ffcda5a0000 - 0x00007ffcda5c9000 	C:\Windows\SYSTEM32\dbgcore.DLL
0x00007ffcdbed0000 - 0x00007ffcdbede000 	c:\Users\LG\.vscode\extensions\redhat.java-1.9.0-win32-x64\jre\17.0.3-win32-x86_64\bin\instrument.dll
0x00007ffcd0120000 - 0x00007ffcd0145000 	c:\Users\LG\.vscode\extensions\redhat.java-1.9.0-win32-x64\jre\17.0.3-win32-x86_64\bin\java.dll
0x00007ffcd6db0000 - 0x00007ffcd6dc8000 	c:\Users\LG\.vscode\extensions\redhat.java-1.9.0-win32-x64\jre\17.0.3-win32-x86_64\bin\zip.dll
0x00007ffce7790000 - 0x00007ffce8bc8000 	C:\Windows\System32\SHELL32.dll
0x00007ffce9070000 - 0x00007ffce911a000 	C:\Windows\System32\shcore.dll
0x00007ffce6670000 - 0x00007ffce6d61000 	C:\Windows\System32\windows.storage.dll
0x00007ffce9c90000 - 0x00007ffce9ce1000 	C:\Windows\System32\shlwapi.dll
0x00007ffce6250000 - 0x00007ffce629c000 	C:\Windows\System32\powrprof.dll
0x00007ffce61f0000 - 0x00007ffce6205000 	C:\Windows\System32\profapi.dll
0x00007ffcd6a60000 - 0x00007ffcd6a79000 	C:\Users\LG\.vscode\extensions\redhat.java-1.9.0-win32-x64\jre\17.0.3-win32-x86_64\bin\net.dll
0x00007ffcdc760000 - 0x00007ffcdc836000 	C:\Windows\SYSTEM32\WINHTTP.dll
0x00007ffce5aa0000 - 0x00007ffce5afc000 	C:\Windows\system32\mswsock.dll
0x00007ffcd6690000 - 0x00007ffcd66a5000 	C:\Users\LG\.vscode\extensions\redhat.java-1.9.0-win32-x64\jre\17.0.3-win32-x86_64\bin\nio.dll
0x00007ffcdb700000 - 0x00007ffcdb710000 	c:\Users\LG\.vscode\extensions\redhat.java-1.9.0-win32-x64\jre\17.0.3-win32-x86_64\bin\verify.dll
0x00007ffccf130000 - 0x00007ffccf16e000 	C:\Users\LG\AppData\Roaming\Code\User\globalStorage\redhat.java\1.9.0\config_win\org.eclipse.equinox.launcher\org.eclipse.equinox.launcher.win32.win32.x86_64_1.2.500.v20220509-0833\eclipse_11700.dll
0x00007ffce7640000 - 0x00007ffce7785000 	C:\Windows\System32\ole32.dll
0x00007ffce5c40000 - 0x00007ffce5c57000 	C:\Windows\SYSTEM32\CRYPTSP.dll
0x00007ffce56b0000 - 0x00007ffce56e4000 	C:\Windows\system32\rsaenh.dll
0x00007ffce60c0000 - 0x00007ffce60e5000 	C:\Windows\SYSTEM32\bcrypt.dll
0x00007ffce60f0000 - 0x00007ffce6119000 	C:\Windows\SYSTEM32\USERENV.dll
0x00007ffce5c60000 - 0x00007ffce5c6b000 	C:\Windows\SYSTEM32\CRYPTBASE.dll
0x00007ffce5840000 - 0x00007ffce5877000 	C:\Windows\SYSTEM32\IPHLPAPI.DLL
0x00007ffce9d70000 - 0x00007ffce9d78000 	C:\Windows\System32\NSI.dll
0x00007ffce0ed0000 - 0x00007ffce0ee6000 	C:\Windows\SYSTEM32\dhcpcsvc6.DLL
0x00007ffce1580000 - 0x00007ffce159a000 	C:\Windows\SYSTEM32\dhcpcsvc.DLL
0x00007ffccb600000 - 0x00007ffccb644000 	C:\Users\LG\AppData\Local\Temp\jna-2427\jna2805719949347629211.dll
0x00007ffce2430000 - 0x00007ffce2457000 	C:\Users\LG\.gradle\native\e1d6ef7f7dcc3fd88c89a11ec53ec762bb8ba0a96d01ffa2cd45eb1d1d8dd5c5\windows-amd64\native-platform.dll
0x00007ffce3120000 - 0x00007ffce3129000 	C:\Users\LG\.vscode\extensions\redhat.java-1.9.0-win32-x64\jre\17.0.3-win32-x86_64\bin\management.dll
0x00007ffce2680000 - 0x00007ffce268b000 	C:\Users\LG\.vscode\extensions\redhat.java-1.9.0-win32-x64\jre\17.0.3-win32-x86_64\bin\management_ext.dll
0x00007ffcdf780000 - 0x00007ffcdf78e000 	C:\Users\LG\.vscode\extensions\redhat.java-1.9.0-win32-x64\jre\17.0.3-win32-x86_64\bin\sunmscapi.dll
0x00007ffce7110000 - 0x00007ffce72d9000 	C:\Windows\System32\CRYPT32.dll
0x00007ffce6210000 - 0x00007ffce6221000 	C:\Windows\System32\MSASN1.dll
0x00007ffce5d20000 - 0x00007ffce5d45000 	C:\Windows\SYSTEM32\ncrypt.dll
0x00007ffce5ce0000 - 0x00007ffce5d16000 	C:\Windows\SYSTEM32\NTASN1.dll

dbghelp: loaded successfully - version: 4.0.5 - missing functions: none
symbol engine: initialized successfully - sym options: 0x614 - pdb path: .;c:\Users\LG\.vscode\extensions\redhat.java-1.9.0-win32-x64\jre\17.0.3-win32-x86_64\bin;C:\Windows\SYSTEM32;C:\Windows\WinSxS\amd64_microsoft.windows.common-controls_6595b64144ccf1df_6.0.15063.1155_none_40c7922129a7722b;c:\Users\LG\.vscode\extensions\redhat.java-1.9.0-win32-x64\jre\17.0.3-win32-x86_64\bin\server;C:\Users\LG\AppData\Roaming\Code\User\globalStorage\redhat.java\1.9.0\config_win\org.eclipse.equinox.launcher\org.eclipse.equinox.launcher.win32.win32.x86_64_1.2.500.v20220509-0833;C:\Users\LG\AppData\Local\Temp\jna-2427;C:\Users\LG\.gradle\native\e1d6ef7f7dcc3fd88c89a11ec53ec762bb8ba0a96d01ffa2cd45eb1d1d8dd5c5\windows-amd64

VM Arguments:
jvm_args: --add-modules=ALL-SYSTEM --add-opens=java.base/java.util=ALL-UNNAMED --add-opens=java.base/java.lang=ALL-UNNAMED --add-opens=java.base/sun.nio.fs=ALL-UNNAMED -Declipse.application=org.eclipse.jdt.ls.core.id1 -Dosgi.bundles.defaultStartLevel=4 -Declipse.product=org.eclipse.jdt.ls.core.product -Djava.import.generatesMetadataFilesAtProjectRoot=false -Dfile.encoding=utf8 -DwatchParentProcess=false -XX:+UseParallelGC -XX:GCTimeRatio=4 -XX:AdaptiveSizePolicyWeight=90 -Dsun.zip.disableMemoryMapping=true -Xmx1G -Xms100m -javaagent:c:\Users\LG\.vscode\extensions\redhat.java-1.9.0-win32-x64\lombok\lombok-1.18.24.jar -XX:+HeapDumpOnOutOfMemoryError -XX:HeapDumpPath=c:\Users\LG\AppData\Roaming\Code\User\workspaceStorage\596d58d96b108611987450630a752d9b\redhat.java 
java_command: c:\Users\LG\.vscode\extensions\redhat.java-1.9.0-win32-x64\server\plugins\org.eclipse.equinox.launcher_1.6.400.v20210924-0641.jar -configuration c:\Users\LG\AppData\Roaming\Code\User\globalStorage\redhat.java\1.9.0\config_win -data c:\Users\LG\AppData\Roaming\Code\User\workspaceStorage\596d58d96b108611987450630a752d9b\redhat.java\jdt_ws
java_class_path (initial): c:\Users\LG\.vscode\extensions\redhat.java-1.9.0-win32-x64\server\plugins\org.eclipse.equinox.launcher_1.6.400.v20210924-0641.jar
Launcher Type: SUN_STANDARD

[Global flags]
    uintx AdaptiveSizePolicyWeight                 = 90                                        {product} {command line}
     intx CICompilerCount                          = 3                                         {product} {ergonomic}
    uintx GCTimeRatio                              = 4                                         {product} {command line}
     bool HeapDumpOnOutOfMemoryError               = true                                   {manageable} {command line}
    ccstr HeapDumpPath                             = c:\Users\LG\AppData\Roaming\Code\User\workspaceStorage\596d58d96b108611987450630a752d9b\redhat.java         {manageable} {command line}
   size_t InitialHeapSize                          = 104857600                                 {product} {command line}
   size_t MaxHeapSize                              = 1073741824                                {product} {command line}
   size_t MaxNewSize                               = 357564416                                 {product} {ergonomic}
   size_t MinHeapDeltaBytes                        = 524288                                    {product} {ergonomic}
   size_t MinHeapSize                              = 104857600                                 {product} {command line}
   size_t NewSize                                  = 34603008                                  {product} {ergonomic}
    uintx NonNMethodCodeHeapSize                   = 5832780                                {pd product} {ergonomic}
    uintx NonProfiledCodeHeapSize                  = 122912730                              {pd product} {ergonomic}
   size_t OldSize                                  = 70254592                                  {product} {ergonomic}
    uintx ProfiledCodeHeapSize                     = 122912730                              {pd product} {ergonomic}
    uintx ReservedCodeCacheSize                    = 251658240                              {pd product} {ergonomic}
     bool SegmentedCodeCache                       = true                                      {product} {ergonomic}
   size_t SoftMaxHeapSize                          = 1073741824                             {manageable} {ergonomic}
     bool UseCompressedClassPointers               = true                           {product lp64_product} {ergonomic}
     bool UseCompressedOops                        = true                           {product lp64_product} {ergonomic}
     bool UseLargePagesIndividualAllocation        = false                                  {pd product} {ergonomic}
     bool UseParallelGC                            = true                                      {product} {command line}

Logging:
Log output configuration:
 #0: stdout all=warning uptime,level,tags
 #1: stderr all=off uptime,level,tags

Environment Variables:
PATH=C:\Program Files (x86)\Common Files\Oracle\Java\javapath;C:\Program Files (x86)\Intel\iCLS Client\;C:\Program Files\Intel\iCLS Client\;C:\Windows\system32;C:\Windows;C:\Windows\System32\Wbem;C:\Windows\System32\WindowsPowerShell\v1.0\;C:\Program Files (x86)\Intel\Intel(R) Management Engine Components\DAL;C:\Program Files\Intel\Intel(R) Management Engine Components\DAL;C:\Program Files (x86)\Intel\Intel(R) Management Engine Components\IPT;C:\Program Files\Intel\Intel(R) Management Engine Components\IPT;C:\Program Files\Intel\WiFi\bin\;C:\Program Files\Common Files\Intel\WirelessCommon\;C:\Program Files\Git\cmd;%NVM_HOME%;%NVM_SYMLINK%;C:\Users\LG\AppData\Local\Microsoft\WindowsApps;C:\Users\LG\AppData\Local\Programs\Microsoft VS Code\bin;C:\Users\LG\AppData\Roaming\npm;C:\Users\LG\AppData\Roaming\nvm;C:\Program Files\nodejs;C:\Program Files (x86)\ESTsoft\ALSee\x64
USERNAME=LG
OS=Windows_NT
PROCESSOR_IDENTIFIER=Intel64 Family 6 Model 78 Stepping 3, GenuineIntel



---------------  S Y S T E M  ---------------

OS:
 Windows 10 , 64 bit Build 15063 (10.0.15063.1058)
OS uptime: 16 days 0:47 hours

CPU: total 4 (initial active 4) (2 cores per cpu, 2 threads per core) family 6 model 78 stepping 3 microcode 0xc2, cx8, cmov, fxsr, ht, mmx, 3dnowpref, sse, sse2, sse3, ssse3, sse4.1, sse4.2, popcnt, lzcnt, tsc, tscinvbit, avx, avx2, aes, erms, clmul, bmi1, bmi2, rtm, adx, fma, vzeroupper, clflush, clflushopt

Memory: 4k page, system-wide physical 3959M (308M free)
TotalPageFile size 16247M (AvailPageFile size 8M)
current process WorkingSet (physical memory assigned to process): 227M, peak: 240M
current process commit charge ("private bytes"): 326M, peak: 328M

vm_info: OpenJDK 64-Bit Server VM (17.0.3+7) for windows-amd64 JRE (17.0.3+7), built on Apr 19 2022 16:55:35 by "" with MS VC++ 16.7 (VS2019)

END.
