#
# There is insufficient memory for the Java Runtime Environment to continue.
# Native memory allocation (malloc) failed to allocate 807504 bytes for Chunk::new
# Possible reasons:
#   The system is out of physical RAM or swap space
#   The process is running with CompressedOops enabled, and the Java Heap may be blocking the growth of the native heap
# Possible solutions:
#   Reduce memory load on the system
#   Increase physical memory or swap space
#   Check if swap backing store is full
#   Decrease Java heap size (-Xmx/-Xms)
#   Decrease number of Java threads
#   Decrease Java thread stack sizes (-Xss)
#   Set larger code cache with -XX:ReservedCodeCacheSize=
#   JVM is running with Unscaled Compressed Oops mode in which the Java heap is
#     placed in the first 4GB address space. The Java Heap base address is the
#     maximum limit for the native heap growth. Please use -XX:HeapBaseMinAddress
#     to set the Java Heap base and to place the Java Heap above 4GB virtual address.
# This output file may be truncated or incomplete.
#
#  Out of Memory Error (arena.cpp:189), pid=20588, tid=20848
#
# JRE version: OpenJDK Runtime Environment Temurin-17.0.3+7 (17.0.3+7) (build 17.0.3+7)
# Java VM: OpenJDK 64-Bit Server VM Temurin-17.0.3+7 (17.0.3+7, mixed mode, tiered, compressed oops, compressed class ptrs, parallel gc, windows-amd64)
# No core dump will be written. Minidumps are not enabled by default on client versions of Windows
#

---------------  S U M M A R Y ------------

Command Line: --add-modules=ALL-SYSTEM --add-opens=java.base/java.util=ALL-UNNAMED --add-opens=java.base/java.lang=ALL-UNNAMED --add-opens=java.base/sun.nio.fs=ALL-UNNAMED -Declipse.application=org.eclipse.jdt.ls.core.id1 -Dosgi.bundles.defaultStartLevel=4 -Declipse.product=org.eclipse.jdt.ls.core.product -Djava.import.generatesMetadataFilesAtProjectRoot=false -Dfile.encoding=utf8 -DwatchParentProcess=false -XX:+UseParallelGC -XX:GCTimeRatio=4 -XX:AdaptiveSizePolicyWeight=90 -Dsun.zip.disableMemoryMapping=true -Xmx1G -Xms100m -javaagent:c:\Users\LG\.vscode\extensions\redhat.java-1.9.0-win32-x64\lombok\lombok-1.18.24.jar -XX:+HeapDumpOnOutOfMemoryError -XX:HeapDumpPath=c:\Users\LG\AppData\Roaming\Code\User\workspaceStorage\596d58d96b108611987450630a752d9b\redhat.java c:\Users\LG\.vscode\extensions\redhat.java-1.9.0-win32-x64\server\plugins\org.eclipse.equinox.launcher_1.6.400.v20210924-0641.jar -configuration c:\Users\LG\AppData\Roaming\Code\User\globalStorage\redhat.java\1.9.0\config_win -data c:\Users\LG\AppData\Roaming\Code\User\workspaceStorage\596d58d96b108611987450630a752d9b\redhat.java\jdt_ws

Host: Intel(R) Core(TM) i3-6100U CPU @ 2.30GHz, 4 cores, 3G,  Windows 10 , 64 bit Build 15063 (10.0.15063.1058)
Time: Mon Aug 15 19:32:24 2022 대한민국 표준시 elapsed time: 47.420113 seconds (0d 0h 0m 47s)

---------------  T H R E A D  ---------------

Current thread (0x000001c9cf9db940):  JavaThread "C2 CompilerThread0" daemon [_thread_in_native, id=20848, stack(0x0000005d7a500000,0x0000005d7a600000)]


Current CompileTask:
C2:  47420 6929       4       jdk.internal.jimage.ImageLocation::verify (218 bytes)

Stack: [0x0000005d7a500000,0x0000005d7a600000]
Native frames: (J=compiled Java code, j=interpreted, Vv=VM code, C=native code)
V  [jvm.dll+0x675efa]
V  [jvm.dll+0x830a24]
V  [jvm.dll+0x8321ce]
V  [jvm.dll+0x832833]
V  [jvm.dll+0x2454b5]
V  [jvm.dll+0xabd7b]
V  [jvm.dll+0xac30c]
V  [jvm.dll+0x363627]
V  [jvm.dll+0x32dca1]
V  [jvm.dll+0x32d14a]
V  [jvm.dll+0x218361]
V  [jvm.dll+0x217781]
V  [jvm.dll+0x1a3ccd]
V  [jvm.dll+0x227178]
V  [jvm.dll+0x2252bc]
V  [jvm.dll+0x7e673b]
V  [jvm.dll+0x7e0cfa]
V  [jvm.dll+0x674d85]
C  [ucrtbase.dll+0x20279]
C  [KERNEL32.DLL+0x12784]
C  [ntdll.dll+0x50c51]


---------------  P R O C E S S  ---------------

Threads class SMR info:
_java_thread_list=0x000001c9d146a480, length=40, elements={
0x000001c9b9c54650, 0x000001c9b9d19830, 0x000001c9b9d1a3b0, 0x000001c9cfa11000,
0x000001c9cfa11b80, 0x000001c9cfa125a0, 0x000001c9cf9dad50, 0x000001c9cf9db940,
0x000001c9cfa1e310, 0x000001c9cf9f47a0, 0x000001c9cf8fc170, 0x000001c9d1586870,
0x000001c9d1de3550, 0x000001c9d1e2e560, 0x000001c9d1e12f70, 0x000001c9d1db5780,
0x000001c9d19c6c30, 0x000001c9d192b4b0, 0x000001c9d2f78a20, 0x000001c9d2f78550,
0x000001c9d2f78ef0, 0x000001c9d2f793c0, 0x000001c9d2f79890, 0x000001c9d2f78080,
0x000001c9d4db3670, 0x000001c9d4db2cd0, 0x000001c9d4db2800, 0x000001c9d4db31a0,
0x000001c9d4db3b40, 0x000001c9d4db0ff0, 0x000001c9d4db1990, 0x000001c9d4db5350,
0x000001c9d4daee40, 0x000001c9d4db44e0, 0x000001c9d4dae970, 0x000001c9d4dadfd0,
0x000001c9d4dae4a0, 0x000001c9d4daf310, 0x000001c9d4db1e60, 0x000001c9d4daf7e0
}

Java Threads: ( => current thread )
  0x000001c9b9c54650 JavaThread "main" [_thread_blocked, id=18320, stack(0x0000005d79b00000,0x0000005d79c00000)]
  0x000001c9b9d19830 JavaThread "Reference Handler" daemon [_thread_blocked, id=14376, stack(0x0000005d79e00000,0x0000005d79f00000)]
  0x000001c9b9d1a3b0 JavaThread "Finalizer" daemon [_thread_blocked, id=18944, stack(0x0000005d79f00000,0x0000005d7a000000)]
  0x000001c9cfa11000 JavaThread "Signal Dispatcher" daemon [_thread_blocked, id=19532, stack(0x0000005d7a100000,0x0000005d7a200000)]
  0x000001c9cfa11b80 JavaThread "Attach Listener" daemon [_thread_blocked, id=11984, stack(0x0000005d7a200000,0x0000005d7a300000)]
  0x000001c9cfa125a0 JavaThread "Service Thread" daemon [_thread_blocked, id=18112, stack(0x0000005d7a300000,0x0000005d7a400000)]
  0x000001c9cf9dad50 JavaThread "Monitor Deflation Thread" daemon [_thread_blocked, id=18028, stack(0x0000005d7a400000,0x0000005d7a500000)]
=>0x000001c9cf9db940 JavaThread "C2 CompilerThread0" daemon [_thread_in_native, id=20848, stack(0x0000005d7a500000,0x0000005d7a600000)]
  0x000001c9cfa1e310 JavaThread "C1 CompilerThread0" daemon [_thread_blocked, id=1104, stack(0x0000005d7a600000,0x0000005d7a700000)]
  0x000001c9cf9f47a0 JavaThread "Sweeper thread" daemon [_thread_blocked, id=19760, stack(0x0000005d7a700000,0x0000005d7a800000)]
  0x000001c9cf8fc170 JavaThread "Common-Cleaner" daemon [_thread_blocked, id=1864, stack(0x0000005d7a800000,0x0000005d7a900000)]
  0x000001c9d1586870 JavaThread "Notification Thread" daemon [_thread_blocked, id=17144, stack(0x0000005d7a900000,0x0000005d7aa00000)]
  0x000001c9d1de3550 JavaThread "Active Thread: Equinox Container: 0c9b5128-f1dc-48cf-a5de-07d909f6f002" [_thread_blocked, id=14436, stack(0x0000005d7ae00000,0x0000005d7af00000)]
  0x000001c9d1e2e560 JavaThread "Framework Event Dispatcher: Equinox Container: 0c9b5128-f1dc-48cf-a5de-07d909f6f002" daemon [_thread_blocked, id=14876, stack(0x0000005d7af00000,0x0000005d7b000000)]
  0x000001c9d1e12f70 JavaThread "Start Level: Equinox Container: 0c9b5128-f1dc-48cf-a5de-07d909f6f002" daemon [_thread_blocked, id=15988, stack(0x0000005d7b000000,0x0000005d7b100000)]
  0x000001c9d1db5780 JavaThread "SCR Component Actor" daemon [_thread_blocked, id=2948, stack(0x0000005d7b100000,0x0000005d7b200000)]
  0x000001c9d19c6c30 JavaThread "Bundle File Closer" daemon [_thread_blocked, id=12264, stack(0x0000005d7b300000,0x0000005d7b400000)]
  0x000001c9d192b4b0 JavaThread "Worker-JM" [_thread_blocked, id=21360, stack(0x0000005d7b400000,0x0000005d7b500000)]
  0x000001c9d2f78a20 JavaThread "Worker-0: Updating workspace" [_thread_in_native, id=18288, stack(0x0000005d7b500000,0x0000005d7b600000)]
  0x000001c9d2f78550 JavaThread "Worker-1: Building" [_thread_in_native, id=956, stack(0x0000005d7b600000,0x0000005d7b700000)]
  0x000001c9d2f78ef0 JavaThread "Worker-2" [_thread_blocked, id=21008, stack(0x0000005d7b700000,0x0000005d7b800000)]
  0x000001c9d2f793c0 JavaThread "Worker-3" [_thread_blocked, id=20988, stack(0x0000005d7b800000,0x0000005d7b900000)]
  0x000001c9d2f79890 JavaThread "Worker-4: Initialize workspace" [_thread_blocked, id=10020, stack(0x0000005d7b900000,0x0000005d7ba00000)]
  0x000001c9d2f78080 JavaThread "Java indexing" daemon [_thread_blocked, id=18512, stack(0x0000005d7ba00000,0x0000005d7bb00000)]
  0x000001c9d4db3670 JavaThread "Worker-5" [_thread_blocked, id=17560, stack(0x0000005d7bb00000,0x0000005d7bc00000)]
  0x000001c9d4db2cd0 JavaThread "pool-1-thread-1" [_thread_in_native, id=20500, stack(0x0000005d7bc00000,0x0000005d7bd00000)]
  0x000001c9d4db2800 JavaThread "Timer-0" [_thread_blocked, id=19424, stack(0x0000005d7bd00000,0x0000005d7be00000)]
  0x000001c9d4db31a0 JavaThread "Timer-1" [_thread_blocked, id=12092, stack(0x0000005d7be00000,0x0000005d7bf00000)]
  0x000001c9d4db3b40 JavaThread "Timer-2" [_thread_blocked, id=8776, stack(0x0000005d7c500000,0x0000005d7c600000)]
  0x000001c9d4db0ff0 JavaThread "Timer-3" [_thread_blocked, id=3952, stack(0x0000005d7c600000,0x0000005d7c700000)]
  0x000001c9d4db1990 JavaThread "Exec process" [_thread_blocked, id=6260, stack(0x0000005d7c800000,0x0000005d7c900000)]
  0x000001c9d4db5350 JavaThread "Exec process Thread 2" [_thread_blocked, id=9252, stack(0x0000005d7c900000,0x0000005d7ca00000)]
  0x000001c9d4daee40 JavaThread "Exec process Thread 3" [_thread_blocked, id=7280, stack(0x0000005d7ca00000,0x0000005d7cb00000)]
  0x000001c9d4db44e0 JavaThread "Timer-4" [_thread_blocked, id=17396, stack(0x0000005d7cb00000,0x0000005d7cc00000)]
  0x000001c9d4dae970 JavaThread "Timer-5" [_thread_blocked, id=10432, stack(0x0000005d7cd00000,0x0000005d7ce00000)]
  0x000001c9d4dadfd0 JavaThread "Compiler Source File Reader" daemon [_thread_blocked, id=9284, stack(0x0000005d7cf00000,0x0000005d7d000000)]
  0x000001c9d4dae4a0 JavaThread "Compiler Source File Reader" daemon [_thread_blocked, id=18196, stack(0x0000005d7d000000,0x0000005d7d100000)]
  0x000001c9d4daf310 JavaThread "Compiler Source File Reader" daemon [_thread_blocked, id=18596, stack(0x0000005d7d100000,0x0000005d7d200000)]
  0x000001c9d4db1e60 JavaThread "Compiler Source File Reader" daemon [_thread_blocked, id=12584, stack(0x0000005d7d200000,0x0000005d7d300000)]
  0x000001c9d4daf7e0 JavaThread "Compiler Source File Reader" daemon [_thread_blocked, id=512, stack(0x0000005d7d300000,0x0000005d7d400000)]

Other Threads:
  0x000001c9cf9a0210 VMThread "VM Thread" [stack: 0x0000005d79d00000,0x0000005d79e00000] [id=3148]
  0x000001c9d1588580 WatcherThread [stack: 0x0000005d7aa00000,0x0000005d7ab00000] [id=736]
  0x000001c9b9c6d1a0 GCTaskThread "GC Thread#0" [stack: 0x0000005d79c00000,0x0000005d79d00000] [id=7000]
  0x000001c9d177e0b0 GCTaskThread "GC Thread#1" [stack: 0x0000005d7ab00000,0x0000005d7ac00000] [id=5276]
  0x000001c9d1bf0a10 GCTaskThread "GC Thread#2" [stack: 0x0000005d7ac00000,0x0000005d7ad00000] [id=5540]
  0x000001c9d1bf0cc0 GCTaskThread "GC Thread#3" [stack: 0x0000005d7ad00000,0x0000005d7ae00000] [id=2396]

Threads with active compile tasks:
C2 CompilerThread0    47979 6929       4       jdk.internal.jimage.ImageLocation::verify (218 bytes)

VM state: not at safepoint (normal execution)

VM Mutex/Monitor currently owned by a thread: None

Heap address: 0x00000000c0000000, size: 1024 MB, Compressed Oops mode: 32-bit

CDS archive(s) not mapped
Compressed class space mapped at: 0x0000000100000000-0x0000000140000000, reserved size: 1073741824
Narrow klass base: 0x0000000000000000, Narrow klass shift: 3, Narrow klass range: 0x140000000

GC Precious Log:
 CPUs: 4 total, 4 available
 Memory: 3959M
 Large Page Support: Disabled
 NUMA Support: Disabled
 Compressed Oops: Enabled (32-bit)
 Alignments: Space 512K, Generation 512K, Heap 2M
 Heap Min Capacity: 100M
 Heap Initial Capacity: 100M
 Heap Max Capacity: 1G
 Pre-touch: Disabled
 Parallel Workers: 4

Heap:
 PSYoungGen      total 13824K, used 11864K [0x00000000eab00000, 0x00000000eba80000, 0x0000000100000000)
  eden space 13312K, 86% used [0x00000000eab00000,0x00000000eb64e080,0x00000000eb800000)
  from space 512K, 56% used [0x00000000eba00000,0x00000000eba48000,0x00000000eba80000)
  to   space 1024K, 0% used [0x00000000eb880000,0x00000000eb880000,0x00000000eb980000)
 ParOldGen       total 68608K, used 48480K [0x00000000c0000000, 0x00000000c4300000, 0x00000000eab00000)
  object space 68608K, 70% used [0x00000000c0000000,0x00000000c2f58178,0x00000000c4300000)
 Metaspace       used 62386K, committed 63296K, reserved 1105920K
  class space    used 7208K, committed 7616K, reserved 1048576K

Card table byte_map: [0x000001c9cd290000,0x000001c9cd4a0000] _byte_map_base: 0x000001c9ccc90000

Marking Bits: (ParMarkBitMap*) 0x00007ffcbdba4b80
 Begin Bits: [0x000001c9cd600000, 0x000001c9ce600000)
 End Bits:   [0x000001c9ce600000, 0x000001c9cf600000)

Polling page: 0x000001c9b9d20000

Metaspace:

Usage:
  Non-class:     53.89 MB used.
      Class:      7.04 MB used.
       Both:     60.92 MB used.

Virtual space:
  Non-class space:       56.00 MB reserved,      54.38 MB ( 97%) committed,  7 nodes.
      Class space:        1.00 GB reserved,       7.44 MB ( <1%) committed,  1 nodes.
             Both:        1.05 GB reserved,      61.81 MB (  6%) committed. 

Chunk freelists:
   Non-Class:  960.00 KB
       Class:  592.00 KB
        Both:  1.52 MB

MaxMetaspaceSize: unlimited
CompressedClassSpaceSize: 1.00 GB
Initial GC threshold: 21.00 MB
Current GC threshold: 97.31 MB
CDS: off
MetaspaceReclaimPolicy: balanced
 - commit_granule_bytes: 65536.
 - commit_granule_words: 8192.
 - virtual_space_node_default_size: 1048576.
 - enlarge_chunks_in_place: 1.
 - new_chunks_are_fully_committed: 0.
 - uncommit_free_chunks: 1.
 - use_allocation_guard: 0.
 - handle_deallocations: 1.


Internal statistics:

num_allocs_failed_limit: 9.
num_arena_births: 416.
num_arena_deaths: 14.
num_vsnodes_births: 8.
num_vsnodes_deaths: 0.
num_space_committed: 989.
num_space_uncommitted: 0.
num_chunks_returned_to_freelist: 23.
num_chunks_taken_from_freelist: 2542.
num_chunk_merges: 13.
num_chunk_splits: 1703.
num_chunks_enlarged: 1152.
num_purges: 2.
num_inconsistent_stats: 0.

CodeHeap 'non-profiled nmethods': size=120000Kb used=3100Kb max_used=3100Kb free=116900Kb
 bounds [0x000001c9c5b70000, 0x000001c9c5e80000, 0x000001c9cd0a0000]
CodeHeap 'profiled nmethods': size=120000Kb used=12179Kb max_used=12179Kb free=107820Kb
 bounds [0x000001c9be640000, 0x000001c9bf230000, 0x000001c9c5b70000]
CodeHeap 'non-nmethods': size=5760Kb used=1334Kb max_used=1391Kb free=4425Kb
 bounds [0x000001c9be0a0000, 0x000001c9be310000, 0x000001c9be640000]
 total_blobs=6621 nmethods=5947 adapters=586
 compilation: enabled
              stopped_count=0, restarted_count=0
 full_count=0

Compilation events (20 events):
Event: 46.281 Thread 0x000001c9cfa1e310 nmethod 6928 0x000001c9be6d2610 code [0x000001c9be6d27a0, 0x000001c9be6d28e8]
Event: 46.321 Thread 0x000001c9cf9db940 6929       4       jdk.internal.jimage.ImageLocation::verify (218 bytes)
Event: 46.346 Thread 0x000001c9cfa1e310 6932       3       org.eclipse.jdt.internal.core.index.FileIndexLocation::fileName (8 bytes)
Event: 46.347 Thread 0x000001c9cfa1e310 nmethod 6932 0x000001c9bf212190 code [0x000001c9bf212340, 0x000001c9bf2124a8]
Event: 46.350 Thread 0x000001c9cfa1e310 6933       3       org.eclipse.core.runtime.SubMonitor::done (47 bytes)
Event: 46.351 Thread 0x000001c9cfa1e310 nmethod 6933 0x000001c9bf212590 code [0x000001c9bf212760, 0x000001c9bf212af8]
Event: 46.351 Thread 0x000001c9cfa1e310 6934       3       java.io.BufferedWriter::min (9 bytes)
Event: 46.351 Thread 0x000001c9cfa1e310 nmethod 6934 0x000001c9bf212c90 code [0x000001c9bf212e20, 0x000001c9bf212f98]
Event: 46.351 Thread 0x000001c9cfa1e310 6935       3       org.eclipse.core.runtime.SubMonitor::<init> (57 bytes)
Event: 46.351 Thread 0x000001c9cfa1e310 nmethod 6935 0x000001c9bf213010 code [0x000001c9bf2131c0, 0x000001c9bf213418]
Event: 46.351 Thread 0x000001c9cfa1e310 6936       3       org.eclipse.core.runtime.SubMonitor$RootInfo::worked (11 bytes)
Event: 46.352 Thread 0x000001c9cfa1e310 nmethod 6936 0x000001c9bf213510 code [0x000001c9bf2136c0, 0x000001c9bf213888]
Event: 46.352 Thread 0x000001c9cfa1e310 6937       3       org.eclipse.core.runtime.SubMonitor::split (7 bytes)
Event: 46.352 Thread 0x000001c9cfa1e310 nmethod 6937 0x000001c9bf213990 code [0x000001c9bf213b20, 0x000001c9bf213c68]
Event: 46.352 Thread 0x000001c9cfa1e310 6938       3       org.eclipse.core.runtime.SubMonitor::split (72 bytes)
Event: 46.353 Thread 0x000001c9cfa1e310 nmethod 6938 0x000001c9bf213d10 code [0x000001c9bf213f40, 0x000001c9bf2146a8]
Event: 46.353 Thread 0x000001c9cfa1e310 6939       3       org.eclipse.core.runtime.SubMonitor$RootInfo::checkForCancellation (21 bytes)
Event: 46.353 Thread 0x000001c9cfa1e310 nmethod 6939 0x000001c9bf214990 code [0x000001c9bf214b40, 0x000001c9bf214e18]
Event: 46.353 Thread 0x000001c9cfa1e310 6940       1       org.eclipse.core.internal.jobs.JobManager::isActive (5 bytes)
Event: 46.353 Thread 0x000001c9cfa1e310 nmethod 6940 0x000001c9c5e76d10 code [0x000001c9c5e76ea0, 0x000001c9c5e76f78]

GC Heap History (20 events):
Event: 41.471 GC heap before
{Heap before GC invocations=30 (full 3):
 PSYoungGen      total 13824K, used 13312K [0x00000000eab00000, 0x00000000ebd80000, 0x0000000100000000)
  eden space 13312K, 100% used [0x00000000eab00000,0x00000000eb800000,0x00000000eb800000)
  from space 512K, 0% used [0x00000000ebd00000,0x00000000ebd00000,0x00000000ebd80000)
  to   space 1024K, 0% used [0x00000000ebb80000,0x00000000ebb80000,0x00000000ebc80000)
 ParOldGen       total 68608K, used 37029K [0x00000000c0000000, 0x00000000c4300000, 0x00000000eab00000)
  object space 68608K, 53% used [0x00000000c0000000,0x00000000c2429418,0x00000000c4300000)
 Metaspace       used 60752K, committed 61632K, reserved 1105920K
  class space    used 7009K, committed 7424K, reserved 1048576K
}
Event: 41.475 GC heap after
{Heap after GC invocations=30 (full 3):
 PSYoungGen      total 14336K, used 727K [0x00000000eab00000, 0x00000000ebd80000, 0x0000000100000000)
  eden space 13312K, 0% used [0x00000000eab00000,0x00000000eab00000,0x00000000eb800000)
  from space 1024K, 71% used [0x00000000ebb80000,0x00000000ebc35c40,0x00000000ebc80000)
  to   space 1024K, 0% used [0x00000000ebc80000,0x00000000ebc80000,0x00000000ebd80000)
 ParOldGen       total 68608K, used 37037K [0x00000000c0000000, 0x00000000c4300000, 0x00000000eab00000)
  object space 68608K, 53% used [0x00000000c0000000,0x00000000c242b418,0x00000000c4300000)
 Metaspace       used 60752K, committed 61632K, reserved 1105920K
  class space    used 7009K, committed 7424K, reserved 1048576K
}
Event: 42.095 GC heap before
{Heap before GC invocations=31 (full 3):
 PSYoungGen      total 14336K, used 14039K [0x00000000eab00000, 0x00000000ebd80000, 0x0000000100000000)
  eden space 13312K, 100% used [0x00000000eab00000,0x00000000eb800000,0x00000000eb800000)
  from space 1024K, 71% used [0x00000000ebb80000,0x00000000ebc35c40,0x00000000ebc80000)
  to   space 1024K, 0% used [0x00000000ebc80000,0x00000000ebc80000,0x00000000ebd80000)
 ParOldGen       total 68608K, used 37037K [0x00000000c0000000, 0x00000000c4300000, 0x00000000eab00000)
  object space 68608K, 53% used [0x00000000c0000000,0x00000000c242b418,0x00000000c4300000)
 Metaspace       used 61039K, committed 61952K, reserved 1105920K
  class space    used 7045K, committed 7488K, reserved 1048576K
}
Event: 42.098 GC heap after
{Heap after GC invocations=31 (full 3):
 PSYoungGen      total 14336K, used 992K [0x00000000eab00000, 0x00000000ebd80000, 0x0000000100000000)
  eden space 13312K, 0% used [0x00000000eab00000,0x00000000eab00000,0x00000000eb800000)
  from space 1024K, 96% used [0x00000000ebc80000,0x00000000ebd78020,0x00000000ebd80000)
  to   space 2560K, 0% used [0x00000000eb880000,0x00000000eb880000,0x00000000ebb00000)
 ParOldGen       total 68608K, used 37971K [0x00000000c0000000, 0x00000000c4300000, 0x00000000eab00000)
  object space 68608K, 55% used [0x00000000c0000000,0x00000000c2514da8,0x00000000c4300000)
 Metaspace       used 61039K, committed 61952K, reserved 1105920K
  class space    used 7045K, committed 7488K, reserved 1048576K
}
Event: 42.366 GC heap before
{Heap before GC invocations=32 (full 3):
 PSYoungGen      total 14336K, used 14304K [0x00000000eab00000, 0x00000000ebd80000, 0x0000000100000000)
  eden space 13312K, 100% used [0x00000000eab00000,0x00000000eb800000,0x00000000eb800000)
  from space 1024K, 96% used [0x00000000ebc80000,0x00000000ebd78020,0x00000000ebd80000)
  to   space 2560K, 0% used [0x00000000eb880000,0x00000000eb880000,0x00000000ebb00000)
 ParOldGen       total 68608K, used 37971K [0x00000000c0000000, 0x00000000c4300000, 0x00000000eab00000)
  object space 68608K, 55% used [0x00000000c0000000,0x00000000c2514da8,0x00000000c4300000)
 Metaspace       used 61052K, committed 61952K, reserved 1105920K
  class space    used 7045K, committed 7488K, reserved 1048576K
}
Event: 42.370 GC heap after
{Heap after GC invocations=32 (full 3):
 PSYoungGen      total 15872K, used 1344K [0x00000000eab00000, 0x00000000ebd00000, 0x0000000100000000)
  eden space 13312K, 0% used [0x00000000eab00000,0x00000000eab00000,0x00000000eb800000)
  from space 2560K, 52% used [0x00000000eb880000,0x00000000eb9d0010,0x00000000ebb00000)
  to   space 2048K, 0% used [0x00000000ebb00000,0x00000000ebb00000,0x00000000ebd00000)
 ParOldGen       total 68608K, used 38944K [0x00000000c0000000, 0x00000000c4300000, 0x00000000eab00000)
  object space 68608K, 56% used [0x00000000c0000000,0x00000000c2608120,0x00000000c4300000)
 Metaspace       used 61052K, committed 61952K, reserved 1105920K
  class space    used 7045K, committed 7488K, reserved 1048576K
}
Event: 42.602 GC heap before
{Heap before GC invocations=33 (full 3):
 PSYoungGen      total 15872K, used 14656K [0x00000000eab00000, 0x00000000ebd00000, 0x0000000100000000)
  eden space 13312K, 100% used [0x00000000eab00000,0x00000000eb800000,0x00000000eb800000)
  from space 2560K, 52% used [0x00000000eb880000,0x00000000eb9d0010,0x00000000ebb00000)
  to   space 2048K, 0% used [0x00000000ebb00000,0x00000000ebb00000,0x00000000ebd00000)
 ParOldGen       total 68608K, used 38944K [0x00000000c0000000, 0x00000000c4300000, 0x00000000eab00000)
  object space 68608K, 56% used [0x00000000c0000000,0x00000000c2608120,0x00000000c4300000)
 Metaspace       used 61058K, committed 62016K, reserved 1105920K
  class space    used 7045K, committed 7488K, reserved 1048576K
}
Event: 42.607 GC heap after
{Heap after GC invocations=33 (full 3):
 PSYoungGen      total 14848K, used 1312K [0x00000000eab00000, 0x00000000ebc80000, 0x0000000100000000)
  eden space 13312K, 0% used [0x00000000eab00000,0x00000000eab00000,0x00000000eb800000)
  from space 1536K, 85% used [0x00000000ebb00000,0x00000000ebc48000,0x00000000ebc80000)
  to   space 1536K, 0% used [0x00000000eb980000,0x00000000eb980000,0x00000000ebb00000)
 ParOldGen       total 68608K, used 40240K [0x00000000c0000000, 0x00000000c4300000, 0x00000000eab00000)
  object space 68608K, 58% used [0x00000000c0000000,0x00000000c274c130,0x00000000c4300000)
 Metaspace       used 61058K, committed 62016K, reserved 1105920K
  class space    used 7045K, committed 7488K, reserved 1048576K
}
Event: 42.696 GC heap before
{Heap before GC invocations=34 (full 3):
 PSYoungGen      total 14848K, used 14624K [0x00000000eab00000, 0x00000000ebc80000, 0x0000000100000000)
  eden space 13312K, 100% used [0x00000000eab00000,0x00000000eb800000,0x00000000eb800000)
  from space 1536K, 85% used [0x00000000ebb00000,0x00000000ebc48000,0x00000000ebc80000)
  to   space 1536K, 0% used [0x00000000eb980000,0x00000000eb980000,0x00000000ebb00000)
 ParOldGen       total 68608K, used 40240K [0x00000000c0000000, 0x00000000c4300000, 0x00000000eab00000)
  object space 68608K, 58% used [0x00000000c0000000,0x00000000c274c130,0x00000000c4300000)
 Metaspace       used 61149K, committed 62080K, reserved 1105920K
  class space    used 7058K, committed 7488K, reserved 1048576K
}
Event: 42.701 GC heap after
{Heap after GC invocations=34 (full 3):
 PSYoungGen      total 14848K, used 1504K [0x00000000eab00000, 0x00000000ec000000, 0x0000000100000000)
  eden space 13312K, 0% used [0x00000000eab00000,0x00000000eab00000,0x00000000eb800000)
  from space 1536K, 97% used [0x00000000eb980000,0x00000000ebaf8010,0x00000000ebb00000)
  to   space 4096K, 0% used [0x00000000ebc00000,0x00000000ebc00000,0x00000000ec000000)
 ParOldGen       total 68608K, used 42012K [0x00000000c0000000, 0x00000000c4300000, 0x00000000eab00000)
  object space 68608K, 61% used [0x00000000c0000000,0x00000000c2907240,0x00000000c4300000)
 Metaspace       used 61149K, committed 62080K, reserved 1105920K
  class space    used 7058K, committed 7488K, reserved 1048576K
}
Event: 42.760 GC heap before
{Heap before GC invocations=35 (full 3):
 PSYoungGen      total 14848K, used 14816K [0x00000000eab00000, 0x00000000ec000000, 0x0000000100000000)
  eden space 13312K, 100% used [0x00000000eab00000,0x00000000eb800000,0x00000000eb800000)
  from space 1536K, 97% used [0x00000000eb980000,0x00000000ebaf8010,0x00000000ebb00000)
  to   space 4096K, 0% used [0x00000000ebc00000,0x00000000ebc00000,0x00000000ec000000)
 ParOldGen       total 68608K, used 42012K [0x00000000c0000000, 0x00000000c4300000, 0x00000000eab00000)
  object space 68608K, 61% used [0x00000000c0000000,0x00000000c2907240,0x00000000c4300000)
 Metaspace       used 61151K, committed 62080K, reserved 1105920K
  class space    used 7058K, committed 7488K, reserved 1048576K
}
Event: 42.765 GC heap after
{Heap after GC invocations=35 (full 3):
 PSYoungGen      total 14848K, used 1440K [0x00000000eab00000, 0x00000000ebd80000, 0x0000000100000000)
  eden space 13312K, 0% used [0x00000000eab00000,0x00000000eab00000,0x00000000eb800000)
  from space 1536K, 93% used [0x00000000ebc00000,0x00000000ebd68000,0x00000000ebd80000)
  to   space 2560K, 0% used [0x00000000eb880000,0x00000000eb880000,0x00000000ebb00000)
 ParOldGen       total 68608K, used 43488K [0x00000000c0000000, 0x00000000c4300000, 0x00000000eab00000)
  object space 68608K, 63% used [0x00000000c0000000,0x00000000c2a78148,0x00000000c4300000)
 Metaspace       used 61151K, committed 62080K, reserved 1105920K
  class space    used 7058K, committed 7488K, reserved 1048576K
}
Event: 42.819 GC heap before
{Heap before GC invocations=36 (full 3):
 PSYoungGen      total 14848K, used 14752K [0x00000000eab00000, 0x00000000ebd80000, 0x0000000100000000)
  eden space 13312K, 100% used [0x00000000eab00000,0x00000000eb800000,0x00000000eb800000)
  from space 1536K, 93% used [0x00000000ebc00000,0x00000000ebd68000,0x00000000ebd80000)
  to   space 2560K, 0% used [0x00000000eb880000,0x00000000eb880000,0x00000000ebb00000)
 ParOldGen       total 68608K, used 43488K [0x00000000c0000000, 0x00000000c4300000, 0x00000000eab00000)
  object space 68608K, 63% used [0x00000000c0000000,0x00000000c2a78148,0x00000000c4300000)
 Metaspace       used 61153K, committed 62080K, reserved 1105920K
  class space    used 7058K, committed 7488K, reserved 1048576K
}
Event: 42.824 GC heap after
{Heap after GC invocations=36 (full 3):
 PSYoungGen      total 15360K, used 1632K [0x00000000eab00000, 0x00000000ebc80000, 0x0000000100000000)
  eden space 13312K, 0% used [0x00000000eab00000,0x00000000eab00000,0x00000000eb800000)
  from space 2048K, 79% used [0x00000000eb880000,0x00000000eba18010,0x00000000eba80000)
  to   space 2048K, 0% used [0x00000000eba80000,0x00000000eba80000,0x00000000ebc80000)
 ParOldGen       total 68608K, used 44856K [0x00000000c0000000, 0x00000000c4300000, 0x00000000eab00000)
  object space 68608K, 65% used [0x00000000c0000000,0x00000000c2bce148,0x00000000c4300000)
 Metaspace       used 61153K, committed 62080K, reserved 1105920K
  class space    used 7058K, committed 7488K, reserved 1048576K
}
Event: 42.877 GC heap before
{Heap before GC invocations=37 (full 3):
 PSYoungGen      total 15360K, used 14944K [0x00000000eab00000, 0x00000000ebc80000, 0x0000000100000000)
  eden space 13312K, 100% used [0x00000000eab00000,0x00000000eb800000,0x00000000eb800000)
  from space 2048K, 79% used [0x00000000eb880000,0x00000000eba18010,0x00000000eba80000)
  to   space 2048K, 0% used [0x00000000eba80000,0x00000000eba80000,0x00000000ebc80000)
 ParOldGen       total 68608K, used 44856K [0x00000000c0000000, 0x00000000c4300000, 0x00000000eab00000)
  object space 68608K, 65% used [0x00000000c0000000,0x00000000c2bce148,0x00000000c4300000)
 Metaspace       used 61158K, committed 62080K, reserved 1105920K
  class space    used 7058K, committed 7488K, reserved 1048576K
}
Event: 42.883 GC heap after
{Heap after GC invocations=37 (full 3):
 PSYoungGen      total 14848K, used 1280K [0x00000000eab00000, 0x00000000ebc00000, 0x0000000100000000)
  eden space 13312K, 0% used [0x00000000eab00000,0x00000000eab00000,0x00000000eb800000)
  from space 1536K, 83% used [0x00000000eba80000,0x00000000ebbc0000,0x00000000ebc00000)
  to   space 1536K, 0% used [0x00000000eb900000,0x00000000eb900000,0x00000000eba80000)
 ParOldGen       total 68608K, used 46472K [0x00000000c0000000, 0x00000000c4300000, 0x00000000eab00000)
  object space 68608K, 67% used [0x00000000c0000000,0x00000000c2d62158,0x00000000c4300000)
 Metaspace       used 61158K, committed 62080K, reserved 1105920K
  class space    used 7058K, committed 7488K, reserved 1048576K
}
Event: 44.307 GC heap before
{Heap before GC invocations=38 (full 3):
 PSYoungGen      total 14848K, used 14592K [0x00000000eab00000, 0x00000000ebc00000, 0x0000000100000000)
  eden space 13312K, 100% used [0x00000000eab00000,0x00000000eb800000,0x00000000eb800000)
  from space 1536K, 83% used [0x00000000eba80000,0x00000000ebbc0000,0x00000000ebc00000)
  to   space 1536K, 0% used [0x00000000eb900000,0x00000000eb900000,0x00000000eba80000)
 ParOldGen       total 68608K, used 46472K [0x00000000c0000000, 0x00000000c4300000, 0x00000000eab00000)
  object space 68608K, 67% used [0x00000000c0000000,0x00000000c2d62158,0x00000000c4300000)
 Metaspace       used 61679K, committed 62592K, reserved 1105920K
  class space    used 7124K, committed 7552K, reserved 1048576K
}
Event: 44.311 GC heap after
{Heap after GC invocations=38 (full 3):
 PSYoungGen      total 14336K, used 832K [0x00000000eab00000, 0x00000000ebb00000, 0x0000000100000000)
  eden space 13312K, 0% used [0x00000000eab00000,0x00000000eab00000,0x00000000eb800000)
  from space 1024K, 81% used [0x00000000eb900000,0x00000000eb9d0020,0x00000000eba00000)
  to   space 1024K, 0% used [0x00000000eba00000,0x00000000eba00000,0x00000000ebb00000)
 ParOldGen       total 68608K, used 47712K [0x00000000c0000000, 0x00000000c4300000, 0x00000000eab00000)
  object space 68608K, 69% used [0x00000000c0000000,0x00000000c2e98158,0x00000000c4300000)
 Metaspace       used 61679K, committed 62592K, reserved 1105920K
  class space    used 7124K, committed 7552K, reserved 1048576K
}
Event: 45.082 GC heap before
{Heap before GC invocations=39 (full 3):
 PSYoungGen      total 14336K, used 14144K [0x00000000eab00000, 0x00000000ebb00000, 0x0000000100000000)
  eden space 13312K, 100% used [0x00000000eab00000,0x00000000eb800000,0x00000000eb800000)
  from space 1024K, 81% used [0x00000000eb900000,0x00000000eb9d0020,0x00000000eba00000)
  to   space 1024K, 0% used [0x00000000eba00000,0x00000000eba00000,0x00000000ebb00000)
 ParOldGen       total 68608K, used 47712K [0x00000000c0000000, 0x00000000c4300000, 0x00000000eab00000)
  object space 68608K, 69% used [0x00000000c0000000,0x00000000c2e98158,0x00000000c4300000)
 Metaspace       used 61939K, committed 62848K, reserved 1105920K
  class space    used 7147K, committed 7552K, reserved 1048576K
}
Event: 45.085 GC heap after
{Heap after GC invocations=39 (full 3):
 PSYoungGen      total 13824K, used 288K [0x00000000eab00000, 0x00000000eba80000, 0x0000000100000000)
  eden space 13312K, 0% used [0x00000000eab00000,0x00000000eab00000,0x00000000eb800000)
  from space 512K, 56% used [0x00000000eba00000,0x00000000eba48000,0x00000000eba80000)
  to   space 1024K, 0% used [0x00000000eb880000,0x00000000eb880000,0x00000000eb980000)
 ParOldGen       total 68608K, used 48480K [0x00000000c0000000, 0x00000000c4300000, 0x00000000eab00000)
  object space 68608K, 70% used [0x00000000c0000000,0x00000000c2f58178,0x00000000c4300000)
 Metaspace       used 61939K, committed 62848K, reserved 1105920K
  class space    used 7147K, committed 7552K, reserved 1048576K
}

Deoptimization events (20 events):
Event: 45.931 Thread 0x000001c9d2f78550 Uncommon trap: trap_request=0xffffffde fr.pc=0x000001c9c5d94ce0 relative=0x0000000000000680
Event: 45.931 Thread 0x000001c9d2f78550 Uncommon trap: reason=class_check action=maybe_recompile pc=0x000001c9c5d94ce0 method=java.util.regex.Pattern$NotBehind.match(Ljava/util/regex/Matcher;ILjava/lang/CharSequence;)Z @ 125 c2
Event: 45.931 Thread 0x000001c9d2f78550 DEOPT PACKING pc=0x000001c9c5d94ce0 sp=0x0000005d7b6fcc70
Event: 45.931 Thread 0x000001c9d2f78550 DEOPT UNPACKING pc=0x000001c9be0f20a3 sp=0x0000005d7b6fcbe8 mode 2
Event: 46.092 Thread 0x000001c9d2f78550 Uncommon trap: trap_request=0xffffffde fr.pc=0x000001c9c5d94ce0 relative=0x0000000000000680
Event: 46.092 Thread 0x000001c9d2f78550 Uncommon trap: reason=class_check action=maybe_recompile pc=0x000001c9c5d94ce0 method=java.util.regex.Pattern$NotBehind.match(Ljava/util/regex/Matcher;ILjava/lang/CharSequence;)Z @ 125 c2
Event: 46.092 Thread 0x000001c9d2f78550 DEOPT PACKING pc=0x000001c9c5d94ce0 sp=0x0000005d7b6fcc10
Event: 46.092 Thread 0x000001c9d2f78550 DEOPT UNPACKING pc=0x000001c9be0f20a3 sp=0x0000005d7b6fcb88 mode 2
Event: 46.093 Thread 0x000001c9d2f78550 Uncommon trap: trap_request=0xffffffde fr.pc=0x000001c9c5d94ce0 relative=0x0000000000000680
Event: 46.093 Thread 0x000001c9d2f78550 Uncommon trap: reason=class_check action=maybe_recompile pc=0x000001c9c5d94ce0 method=java.util.regex.Pattern$NotBehind.match(Ljava/util/regex/Matcher;ILjava/lang/CharSequence;)Z @ 125 c2
Event: 46.093 Thread 0x000001c9d2f78550 DEOPT PACKING pc=0x000001c9c5d94ce0 sp=0x0000005d7b6fcc10
Event: 46.093 Thread 0x000001c9d2f78550 DEOPT UNPACKING pc=0x000001c9be0f20a3 sp=0x0000005d7b6fcb88 mode 2
Event: 46.094 Thread 0x000001c9d2f78550 Uncommon trap: trap_request=0xffffffde fr.pc=0x000001c9c5d94ce0 relative=0x0000000000000680
Event: 46.094 Thread 0x000001c9d2f78550 Uncommon trap: reason=class_check action=maybe_recompile pc=0x000001c9c5d94ce0 method=java.util.regex.Pattern$NotBehind.match(Ljava/util/regex/Matcher;ILjava/lang/CharSequence;)Z @ 125 c2
Event: 46.094 Thread 0x000001c9d2f78550 DEOPT PACKING pc=0x000001c9c5d94ce0 sp=0x0000005d7b6fcc10
Event: 46.094 Thread 0x000001c9d2f78550 DEOPT UNPACKING pc=0x000001c9be0f20a3 sp=0x0000005d7b6fcb88 mode 2
Event: 46.347 Thread 0x000001c9d2f78a20 Uncommon trap: trap_request=0xffffff45 fr.pc=0x000001c9c5beff3c relative=0x0000000000000ebc
Event: 46.347 Thread 0x000001c9d2f78a20 Uncommon trap: reason=unstable_if action=reinterpret pc=0x000001c9c5beff3c method=org.eclipse.core.runtime.Path.toOSString()Ljava/lang/String; @ 27 c2
Event: 46.347 Thread 0x000001c9d2f78a20 DEOPT PACKING pc=0x000001c9c5beff3c sp=0x0000005d7b5fe790
Event: 46.347 Thread 0x000001c9d2f78a20 DEOPT UNPACKING pc=0x000001c9be0f20a3 sp=0x0000005d7b5fe738 mode 2

Classes unloaded (7 events):
Event: 11.935 Thread 0x000001c9cf9a0210 Unloading class 0x0000000100218800 'java/lang/invoke/LambdaForm$MH+0x0000000100218800'
Event: 11.935 Thread 0x000001c9cf9a0210 Unloading class 0x0000000100218400 'java/lang/invoke/LambdaForm$MH+0x0000000100218400'
Event: 11.935 Thread 0x000001c9cf9a0210 Unloading class 0x0000000100218000 'java/lang/invoke/LambdaForm$MH+0x0000000100218000'
Event: 11.935 Thread 0x000001c9cf9a0210 Unloading class 0x0000000100217c00 'java/lang/invoke/LambdaForm$MH+0x0000000100217c00'
Event: 11.935 Thread 0x000001c9cf9a0210 Unloading class 0x0000000100217400 'java/lang/invoke/LambdaForm$BMH+0x0000000100217400'
Event: 11.935 Thread 0x000001c9cf9a0210 Unloading class 0x0000000100217000 'java/lang/invoke/LambdaForm$DMH+0x0000000100217000'
Event: 11.935 Thread 0x000001c9cf9a0210 Unloading class 0x0000000100214400 'java/lang/invoke/LambdaForm$DMH+0x0000000100214400'

Classes redefined (0 events):
No events

Internal exceptions (20 events):
Event: 44.025 Thread 0x000001c9d2f78550 Exception <a 'sun/nio/fs/WindowsException'{0x00000000eb50b780}> (0x00000000eb50b780) 
thrown [e:\jenkins\tmp\workspace\build\src\src\hotspot\share\prims\jni.cpp, line 516]
Event: 44.045 Thread 0x000001c9d2f78550 Exception <a 'sun/nio/fs/WindowsException'{0x00000000eb514210}> (0x00000000eb514210) 
thrown [e:\jenkins\tmp\workspace\build\src\src\hotspot\share\prims\jni.cpp, line 516]
Event: 44.052 Thread 0x000001c9d2f78550 Exception <a 'sun/nio/fs/WindowsException'{0x00000000eb519740}> (0x00000000eb519740) 
thrown [e:\jenkins\tmp\workspace\build\src\src\hotspot\share\prims\jni.cpp, line 516]
Event: 44.059 Thread 0x000001c9d2f78550 Exception <a 'sun/nio/fs/WindowsException'{0x00000000eb51eb10}> (0x00000000eb51eb10) 
thrown [e:\jenkins\tmp\workspace\build\src\src\hotspot\share\prims\jni.cpp, line 516]
Event: 44.064 Thread 0x000001c9d2f78550 Exception <a 'sun/nio/fs/WindowsException'{0x00000000eb521f78}> (0x00000000eb521f78) 
thrown [e:\jenkins\tmp\workspace\build\src\src\hotspot\share\prims\jni.cpp, line 516]
Event: 44.096 Thread 0x000001c9d2f78550 Exception <a 'sun/nio/fs/WindowsException'{0x00000000eb53f6c0}> (0x00000000eb53f6c0) 
thrown [e:\jenkins\tmp\workspace\build\src\src\hotspot\share\prims\jni.cpp, line 516]
Event: 44.108 Thread 0x000001c9d2f78550 Exception <a 'sun/nio/fs/WindowsException'{0x00000000eb547d48}> (0x00000000eb547d48) 
thrown [e:\jenkins\tmp\workspace\build\src\src\hotspot\share\prims\jni.cpp, line 516]
Event: 44.116 Thread 0x000001c9d2f78550 Exception <a 'sun/nio/fs/WindowsException'{0x00000000eb5528b8}> (0x00000000eb5528b8) 
thrown [e:\jenkins\tmp\workspace\build\src\src\hotspot\share\prims\jni.cpp, line 516]
Event: 44.125 Thread 0x000001c9d2f78550 Exception <a 'sun/nio/fs/WindowsException'{0x00000000eb55ac70}> (0x00000000eb55ac70) 
thrown [e:\jenkins\tmp\workspace\build\src\src\hotspot\share\prims\jni.cpp, line 516]
Event: 44.132 Thread 0x000001c9d2f78550 Exception <a 'sun/nio/fs/WindowsException'{0x00000000eb561620}> (0x00000000eb561620) 
thrown [e:\jenkins\tmp\workspace\build\src\src\hotspot\share\prims\jni.cpp, line 516]
Event: 44.140 Thread 0x000001c9d2f78550 Exception <a 'sun/nio/fs/WindowsException'{0x00000000eb56a7b0}> (0x00000000eb56a7b0) 
thrown [e:\jenkins\tmp\workspace\build\src\src\hotspot\share\prims\jni.cpp, line 516]
Event: 44.150 Thread 0x000001c9d2f78550 Exception <a 'sun/nio/fs/WindowsException'{0x00000000eb571e80}> (0x00000000eb571e80) 
thrown [e:\jenkins\tmp\workspace\build\src\src\hotspot\share\prims\jni.cpp, line 516]
Event: 44.162 Thread 0x000001c9d2f78550 Exception <a 'sun/nio/fs/WindowsException'{0x00000000eb578800}> (0x00000000eb578800) 
thrown [e:\jenkins\tmp\workspace\build\src\src\hotspot\share\prims\jni.cpp, line 516]
Event: 44.170 Thread 0x000001c9d2f78550 Exception <a 'sun/nio/fs/WindowsException'{0x00000000eb581d38}> (0x00000000eb581d38) 
thrown [e:\jenkins\tmp\workspace\build\src\src\hotspot\share\prims\jni.cpp, line 516]
Event: 44.180 Thread 0x000001c9d2f78550 Exception <a 'sun/nio/fs/WindowsException'{0x00000000eb58b198}> (0x00000000eb58b198) 
thrown [e:\jenkins\tmp\workspace\build\src\src\hotspot\share\prims\jni.cpp, line 516]
Event: 44.194 Thread 0x000001c9d2f78550 Exception <a 'sun/nio/fs/WindowsException'{0x00000000eb5931c8}> (0x00000000eb5931c8) 
thrown [e:\jenkins\tmp\workspace\build\src\src\hotspot\share\prims\jni.cpp, line 516]
Event: 44.203 Thread 0x000001c9d2f78550 Exception <a 'sun/nio/fs/WindowsException'{0x00000000eb59a270}> (0x00000000eb59a270) 
thrown [e:\jenkins\tmp\workspace\build\src\src\hotspot\share\prims\jni.cpp, line 516]
Event: 44.214 Thread 0x000001c9d2f78550 Exception <a 'sun/nio/fs/WindowsException'{0x00000000eb5a7910}> (0x00000000eb5a7910) 
thrown [e:\jenkins\tmp\workspace\build\src\src\hotspot\share\prims\jni.cpp, line 516]
Event: 45.738 Thread 0x000001c9d2f78a20 Exception <a 'java/io/FileNotFoundException'{0x00000000eb08a648}> (0x00000000eb08a648) 
thrown [e:\jenkins\tmp\workspace\build\src\src\hotspot\share\prims\jni.cpp, line 516]
Event: 46.347 Thread 0x000001c9d2f78a20 Implicit null exception at 0x000001c9c5bef380 to 0x000001c9c5beff20

VM Operations (20 events):
Event: 42.602 Executing VM operation: ParallelGCFailedAllocation
Event: 42.607 Executing VM operation: ParallelGCFailedAllocation done
Event: 42.652 Executing VM operation: HandshakeAllThreads
Event: 42.652 Executing VM operation: HandshakeAllThreads done
Event: 42.696 Executing VM operation: ParallelGCFailedAllocation
Event: 42.701 Executing VM operation: ParallelGCFailedAllocation done
Event: 42.760 Executing VM operation: ParallelGCFailedAllocation
Event: 42.765 Executing VM operation: ParallelGCFailedAllocation done
Event: 42.819 Executing VM operation: ParallelGCFailedAllocation
Event: 42.824 Executing VM operation: ParallelGCFailedAllocation done
Event: 42.876 Executing VM operation: ParallelGCFailedAllocation
Event: 42.883 Executing VM operation: ParallelGCFailedAllocation done
Event: 44.307 Executing VM operation: ParallelGCFailedAllocation
Event: 44.311 Executing VM operation: ParallelGCFailedAllocation done
Event: 45.082 Executing VM operation: ParallelGCFailedAllocation
Event: 45.085 Executing VM operation: ParallelGCFailedAllocation done
Event: 46.085 Executing VM operation: Cleanup
Event: 46.086 Executing VM operation: Cleanup done
Event: 46.186 Executing VM operation: ICBufferFull
Event: 46.186 Executing VM operation: ICBufferFull done

Events (20 events):
Event: 41.339 loading class jdk/internal/jimage/ImageReader$Directory done
Event: 41.959 loading class java/nio/channels/Channels$ReadableByteChannelImpl
Event: 41.959 loading class java/nio/channels/Channels$ReadableByteChannelImpl done
Event: 41.961 loading class java/nio/channels/NonWritableChannelException
Event: 41.962 loading class java/nio/channels/NonWritableChannelException done
Event: 44.225 Thread 0x000001c9d4dadfd0 Thread added: 0x000001c9d4dadfd0
Event: 44.226 Thread 0x000001c9d4dae4a0 Thread added: 0x000001c9d4dae4a0
Event: 44.227 Thread 0x000001c9d4daf310 Thread added: 0x000001c9d4daf310
Event: 44.228 Thread 0x000001c9d4db1e60 Thread added: 0x000001c9d4db1e60
Event: 44.228 Thread 0x000001c9d4daf7e0 Thread added: 0x000001c9d4daf7e0
Event: 44.231 loading class java/io/DataOutputStream
Event: 44.232 loading class java/io/DataOutputStream done
Event: 44.249 loading class sun/nio/cs/ThreadLocalCoders
Event: 44.253 loading class sun/nio/cs/ThreadLocalCoders done
Event: 44.253 loading class sun/nio/cs/ThreadLocalCoders$1
Event: 44.253 loading class sun/nio/cs/ThreadLocalCoders$Cache
Event: 44.253 loading class sun/nio/cs/ThreadLocalCoders$Cache done
Event: 44.253 loading class sun/nio/cs/ThreadLocalCoders$1 done
Event: 44.253 loading class sun/nio/cs/ThreadLocalCoders$2
Event: 44.253 loading class sun/nio/cs/ThreadLocalCoders$2 done


Dynamic libraries:
0x00007ff7aff20000 - 0x00007ff7aff2e000 	c:\Users\LG\.vscode\extensions\redhat.java-1.9.0-win32-x64\jre\17.0.3-win32-x86_64\bin\java.exe
0x00007ffce9d80000 - 0x00007ffce9f5b000 	C:\Windows\SYSTEM32\ntdll.dll
0x00007ffce91b0000 - 0x00007ffce925e000 	C:\Windows\System32\KERNEL32.DLL
0x00007ffce6d70000 - 0x00007ffce6fba000 	C:\Windows\System32\KERNELBASE.dll
0x00007ffce7010000 - 0x00007ffce7106000 	C:\Windows\System32\ucrtbase.dll
0x00007ffce2440000 - 0x00007ffce2458000 	c:\Users\LG\.vscode\extensions\redhat.java-1.9.0-win32-x64\jre\17.0.3-win32-x86_64\bin\jli.dll
0x00007ffce2420000 - 0x00007ffce2439000 	c:\Users\LG\.vscode\extensions\redhat.java-1.9.0-win32-x64\jre\17.0.3-win32-x86_64\bin\VCRUNTIME140.dll
0x00007ffce8df0000 - 0x00007ffce8f3a000 	C:\Windows\System32\USER32.dll
0x00007ffce62a0000 - 0x00007ffce62be000 	C:\Windows\System32\win32u.dll
0x00007ffce9180000 - 0x00007ffce91a7000 	C:\Windows\System32\GDI32.dll
0x00007ffce6430000 - 0x00007ffce65b8000 	C:\Windows\System32\gdi32full.dll
0x00007ffce6330000 - 0x00007ffce63ca000 	C:\Windows\System32\msvcp_win.dll
0x00007ffcdc310000 - 0x00007ffcdc577000 	C:\Windows\WinSxS\amd64_microsoft.windows.common-controls_6595b64144ccf1df_6.0.15063.1155_none_40c7922129a7722b\COMCTL32.dll
0x00007ffce75a0000 - 0x00007ffce763d000 	C:\Windows\System32\msvcrt.dll
0x00007ffce9490000 - 0x00007ffce9789000 	C:\Windows\System32\combase.dll
0x00007ffce8f40000 - 0x00007ffce9065000 	C:\Windows\System32\RPCRT4.dll
0x00007ffce62c0000 - 0x00007ffce632a000 	C:\Windows\System32\bcryptPrimitives.dll
0x00007ffce8bd0000 - 0x00007ffce8bfd000 	C:\Windows\System32\IMM32.DLL
0x00007ffce35f0000 - 0x00007ffce35fc000 	c:\Users\LG\.vscode\extensions\redhat.java-1.9.0-win32-x64\jre\17.0.3-win32-x86_64\bin\vcruntime140_1.dll
0x00007ffcd6b30000 - 0x00007ffcd6bc1000 	c:\Users\LG\.vscode\extensions\redhat.java-1.9.0-win32-x64\jre\17.0.3-win32-x86_64\bin\msvcp140.dll
0x00007ffcbd020000 - 0x00007ffcbdc68000 	c:\Users\LG\.vscode\extensions\redhat.java-1.9.0-win32-x64\jre\17.0.3-win32-x86_64\bin\server\jvm.dll
0x00007ffce9be0000 - 0x00007ffce9c81000 	C:\Windows\System32\ADVAPI32.dll
0x00007ffce9120000 - 0x00007ffce9179000 	C:\Windows\System32\sechost.dll
0x00007ffce9790000 - 0x00007ffce9798000 	C:\Windows\System32\PSAPI.DLL
0x00007ffcdbaa0000 - 0x00007ffcdbaa9000 	C:\Windows\SYSTEM32\WSOCK32.dll
0x00007ffcdfbc0000 - 0x00007ffcdfbca000 	C:\Windows\SYSTEM32\VERSION.dll
0x00007ffcdfbd0000 - 0x00007ffcdfbf3000 	C:\Windows\SYSTEM32\WINMM.dll
0x00007ffce9cf0000 - 0x00007ffce9d5c000 	C:\Windows\System32\WS2_32.dll
0x00007ffcdfb90000 - 0x00007ffcdfbbb000 	C:\Windows\SYSTEM32\winmmbase.dll
0x00007ffce6fc0000 - 0x00007ffce7009000 	C:\Windows\System32\cfgmgr32.dll
0x00007ffce6230000 - 0x00007ffce6241000 	C:\Windows\System32\kernel.appcore.dll
0x00007ffce2670000 - 0x00007ffce267a000 	c:\Users\LG\.vscode\extensions\redhat.java-1.9.0-win32-x64\jre\17.0.3-win32-x86_64\bin\jimage.dll
0x00007ffcda9e0000 - 0x00007ffcdab89000 	C:\Windows\SYSTEM32\DBGHELP.DLL
0x00007ffcda5a0000 - 0x00007ffcda5c9000 	C:\Windows\SYSTEM32\dbgcore.DLL
0x00007ffce2220000 - 0x00007ffce222e000 	c:\Users\LG\.vscode\extensions\redhat.java-1.9.0-win32-x64\jre\17.0.3-win32-x86_64\bin\instrument.dll
0x00007ffce21f0000 - 0x00007ffce2215000 	c:\Users\LG\.vscode\extensions\redhat.java-1.9.0-win32-x64\jre\17.0.3-win32-x86_64\bin\java.dll
0x00007ffcd8050000 - 0x00007ffcd8068000 	c:\Users\LG\.vscode\extensions\redhat.java-1.9.0-win32-x64\jre\17.0.3-win32-x86_64\bin\zip.dll
0x00007ffce7790000 - 0x00007ffce8bc8000 	C:\Windows\System32\SHELL32.dll
0x00007ffce9070000 - 0x00007ffce911a000 	C:\Windows\System32\shcore.dll
0x00007ffce6670000 - 0x00007ffce6d61000 	C:\Windows\System32\windows.storage.dll
0x00007ffce9c90000 - 0x00007ffce9ce1000 	C:\Windows\System32\shlwapi.dll
0x00007ffce6250000 - 0x00007ffce629c000 	C:\Windows\System32\powrprof.dll
0x00007ffce61f0000 - 0x00007ffce6205000 	C:\Windows\System32\profapi.dll
0x00007ffcd6de0000 - 0x00007ffcd6df9000 	C:\Users\LG\.vscode\extensions\redhat.java-1.9.0-win32-x64\jre\17.0.3-win32-x86_64\bin\net.dll
0x00007ffcdc760000 - 0x00007ffcdc836000 	C:\Windows\SYSTEM32\WINHTTP.dll
0x00007ffce5aa0000 - 0x00007ffce5afc000 	C:\Windows\system32\mswsock.dll
0x00007ffcd6dc0000 - 0x00007ffcd6dd5000 	C:\Users\LG\.vscode\extensions\redhat.java-1.9.0-win32-x64\jre\17.0.3-win32-x86_64\bin\nio.dll
0x00007ffcdf780000 - 0x00007ffcdf790000 	c:\Users\LG\.vscode\extensions\redhat.java-1.9.0-win32-x64\jre\17.0.3-win32-x86_64\bin\verify.dll
0x00007ffcd9cb0000 - 0x00007ffcd9cee000 	C:\Users\LG\AppData\Roaming\Code\User\globalStorage\redhat.java\1.9.0\config_win\org.eclipse.equinox.launcher\org.eclipse.equinox.launcher.win32.win32.x86_64_1.2.500.v20220509-0833\eclipse_11700.dll
0x00007ffce7640000 - 0x00007ffce7785000 	C:\Windows\System32\ole32.dll
0x00007ffce5c40000 - 0x00007ffce5c57000 	C:\Windows\SYSTEM32\CRYPTSP.dll
0x00007ffce56b0000 - 0x00007ffce56e4000 	C:\Windows\system32\rsaenh.dll
0x00007ffce60c0000 - 0x00007ffce60e5000 	C:\Windows\SYSTEM32\bcrypt.dll
0x00007ffce60f0000 - 0x00007ffce6119000 	C:\Windows\SYSTEM32\USERENV.dll
0x00007ffce5c60000 - 0x00007ffce5c6b000 	C:\Windows\SYSTEM32\CRYPTBASE.dll
0x00007ffce5840000 - 0x00007ffce5877000 	C:\Windows\SYSTEM32\IPHLPAPI.DLL
0x00007ffce9d70000 - 0x00007ffce9d78000 	C:\Windows\System32\NSI.dll
0x00007ffce0ed0000 - 0x00007ffce0ee6000 	C:\Windows\SYSTEM32\dhcpcsvc6.DLL
0x00007ffce1580000 - 0x00007ffce159a000 	C:\Windows\SYSTEM32\dhcpcsvc.DLL
0x00007ffcd6c30000 - 0x00007ffcd6c74000 	C:\Users\LG\AppData\Local\Temp\jna-2427\jna13337545149056587011.dll
0x00007ffce3120000 - 0x00007ffce312e000 	C:\Users\LG\.vscode\extensions\redhat.java-1.9.0-win32-x64\jre\17.0.3-win32-x86_64\bin\sunmscapi.dll
0x00007ffce7110000 - 0x00007ffce72d9000 	C:\Windows\System32\CRYPT32.dll
0x00007ffce6210000 - 0x00007ffce6221000 	C:\Windows\System32\MSASN1.dll
0x00007ffce5d20000 - 0x00007ffce5d45000 	C:\Windows\SYSTEM32\ncrypt.dll
0x00007ffce5ce0000 - 0x00007ffce5d16000 	C:\Windows\SYSTEM32\NTASN1.dll
0x00007ffce5880000 - 0x00007ffce5924000 	C:\Windows\SYSTEM32\DNSAPI.dll
0x00007ffcdab90000 - 0x00007ffcdab9a000 	C:\Windows\System32\rasadhlp.dll
0x00007ffce08e0000 - 0x00007ffce094b000 	C:\Windows\System32\fwpuclnt.dll
0x00007ffcd6ac0000 - 0x00007ffcd6ae7000 	C:\Users\LG\.gradle\native\e1d6ef7f7dcc3fd88c89a11ec53ec762bb8ba0a96d01ffa2cd45eb1d1d8dd5c5\windows-amd64\native-platform.dll
0x00007ffcdf730000 - 0x00007ffcdf739000 	C:\Users\LG\.vscode\extensions\redhat.java-1.9.0-win32-x64\jre\17.0.3-win32-x86_64\bin\management.dll
0x00007ffcdf720000 - 0x00007ffcdf72b000 	C:\Users\LG\.vscode\extensions\redhat.java-1.9.0-win32-x64\jre\17.0.3-win32-x86_64\bin\management_ext.dll

dbghelp: loaded successfully - version: 4.0.5 - missing functions: none
symbol engine: initialized successfully - sym options: 0x614 - pdb path: .;c:\Users\LG\.vscode\extensions\redhat.java-1.9.0-win32-x64\jre\17.0.3-win32-x86_64\bin;C:\Windows\SYSTEM32;C:\Windows\WinSxS\amd64_microsoft.windows.common-controls_6595b64144ccf1df_6.0.15063.1155_none_40c7922129a7722b;c:\Users\LG\.vscode\extensions\redhat.java-1.9.0-win32-x64\jre\17.0.3-win32-x86_64\bin\server;C:\Users\LG\AppData\Roaming\Code\User\globalStorage\redhat.java\1.9.0\config_win\org.eclipse.equinox.launcher\org.eclipse.equinox.launcher.win32.win32.x86_64_1.2.500.v20220509-0833;C:\Users\LG\AppData\Local\Temp\jna-2427;C:\Users\LG\.gradle\native\e1d6ef7f7dcc3fd88c89a11ec53ec762bb8ba0a96d01ffa2cd45eb1d1d8dd5c5\windows-amd64

VM Arguments:
jvm_args: --add-modules=ALL-SYSTEM --add-opens=java.base/java.util=ALL-UNNAMED --add-opens=java.base/java.lang=ALL-UNNAMED --add-opens=java.base/sun.nio.fs=ALL-UNNAMED -Declipse.application=org.eclipse.jdt.ls.core.id1 -Dosgi.bundles.defaultStartLevel=4 -Declipse.product=org.eclipse.jdt.ls.core.product -Djava.import.generatesMetadataFilesAtProjectRoot=false -Dfile.encoding=utf8 -DwatchParentProcess=false -XX:+UseParallelGC -XX:GCTimeRatio=4 -XX:AdaptiveSizePolicyWeight=90 -Dsun.zip.disableMemoryMapping=true -Xmx1G -Xms100m -javaagent:c:\Users\LG\.vscode\extensions\redhat.java-1.9.0-win32-x64\lombok\lombok-1.18.24.jar -XX:+HeapDumpOnOutOfMemoryError -XX:HeapDumpPath=c:\Users\LG\AppData\Roaming\Code\User\workspaceStorage\596d58d96b108611987450630a752d9b\redhat.java 
java_command: c:\Users\LG\.vscode\extensions\redhat.java-1.9.0-win32-x64\server\plugins\org.eclipse.equinox.launcher_1.6.400.v20210924-0641.jar -configuration c:\Users\LG\AppData\Roaming\Code\User\globalStorage\redhat.java\1.9.0\config_win -data c:\Users\LG\AppData\Roaming\Code\User\workspaceStorage\596d58d96b108611987450630a752d9b\redhat.java\jdt_ws
java_class_path (initial): c:\Users\LG\.vscode\extensions\redhat.java-1.9.0-win32-x64\server\plugins\org.eclipse.equinox.launcher_1.6.400.v20210924-0641.jar
Launcher Type: SUN_STANDARD

[Global flags]
    uintx AdaptiveSizePolicyWeight                 = 90                                        {product} {command line}
     intx CICompilerCount                          = 3                                         {product} {ergonomic}
    uintx GCTimeRatio                              = 4                                         {product} {command line}
     bool HeapDumpOnOutOfMemoryError               = true                                   {manageable} {command line}
    ccstr HeapDumpPath                             = c:\Users\LG\AppData\Roaming\Code\User\workspaceStorage\596d58d96b108611987450630a752d9b\redhat.java         {manageable} {command line}
   size_t InitialHeapSize                          = 104857600                                 {product} {command line}
   size_t MaxHeapSize                              = 1073741824                                {product} {command line}
   size_t MaxNewSize                               = 357564416                                 {product} {ergonomic}
   size_t MinHeapDeltaBytes                        = 524288                                    {product} {ergonomic}
   size_t MinHeapSize                              = 104857600                                 {product} {command line}
   size_t NewSize                                  = 34603008                                  {product} {ergonomic}
    uintx NonNMethodCodeHeapSize                   = 5832780                                {pd product} {ergonomic}
    uintx NonProfiledCodeHeapSize                  = 122912730                              {pd product} {ergonomic}
   size_t OldSize                                  = 70254592                                  {product} {ergonomic}
    uintx ProfiledCodeHeapSize                     = 122912730                              {pd product} {ergonomic}
    uintx ReservedCodeCacheSize                    = 251658240                              {pd product} {ergonomic}
     bool SegmentedCodeCache                       = true                                      {product} {ergonomic}
   size_t SoftMaxHeapSize                          = 1073741824                             {manageable} {ergonomic}
     bool UseCompressedClassPointers               = true                           {product lp64_product} {ergonomic}
     bool UseCompressedOops                        = true                           {product lp64_product} {ergonomic}
     bool UseLargePagesIndividualAllocation        = false                                  {pd product} {ergonomic}
     bool UseParallelGC                            = true                                      {product} {command line}

Logging:
Log output configuration:
 #0: stdout all=warning uptime,level,tags
 #1: stderr all=off uptime,level,tags

Environment Variables:
PATH=C:\Program Files (x86)\Common Files\Oracle\Java\javapath;C:\Program Files (x86)\Intel\iCLS Client\;C:\Program Files\Intel\iCLS Client\;C:\Windows\system32;C:\Windows;C:\Windows\System32\Wbem;C:\Windows\System32\WindowsPowerShell\v1.0\;C:\Program Files (x86)\Intel\Intel(R) Management Engine Components\DAL;C:\Program Files\Intel\Intel(R) Management Engine Components\DAL;C:\Program Files (x86)\Intel\Intel(R) Management Engine Components\IPT;C:\Program Files\Intel\Intel(R) Management Engine Components\IPT;C:\Program Files\Intel\WiFi\bin\;C:\Program Files\Common Files\Intel\WirelessCommon\;C:\Program Files\Git\cmd;%NVM_HOME%;%NVM_SYMLINK%;C:\Users\LG\AppData\Local\Microsoft\WindowsApps;C:\Users\LG\AppData\Local\Programs\Microsoft VS Code\bin;C:\Users\LG\AppData\Roaming\npm;C:\Users\LG\AppData\Roaming\nvm;C:\Program Files\nodejs;C:\Program Files (x86)\ESTsoft\ALSee\x64
USERNAME=LG
OS=Windows_NT
PROCESSOR_IDENTIFIER=Intel64 Family 6 Model 78 Stepping 3, GenuineIntel



---------------  S Y S T E M  ---------------

OS:
 Windows 10 , 64 bit Build 15063 (10.0.15063.1058)
OS uptime: 16 days 0:42 hours

CPU: total 4 (initial active 4) (2 cores per cpu, 2 threads per core) family 6 model 78 stepping 3 microcode 0xc2, cx8, cmov, fxsr, ht, mmx, 3dnowpref, sse, sse2, sse3, ssse3, sse4.1, sse4.2, popcnt, lzcnt, tsc, tscinvbit, avx, avx2, aes, erms, clmul, bmi1, bmi2, rtm, adx, fma, vzeroupper, clflush, clflushopt

Memory: 4k page, system-wide physical 3959M (142M free)
TotalPageFile size 16247M (AvailPageFile size 0M)
current process WorkingSet (physical memory assigned to process): 232M, peak: 235M
current process commit charge ("private bytes"): 278M, peak: 282M

vm_info: OpenJDK 64-Bit Server VM (17.0.3+7) for windows-amd64 JRE (17.0.3+7), built on Apr 19 2022 16:55:35 by "" with MS VC++ 16.7 (VS2019)

END.
